  [1m[35m (108.6ms)[0m  [1m[35mCREATE DATABASE "backend_development" ENCODING = 'unicode' /*application='Backend'*/[0m
  [1m[35mSQL (0.6ms)[0m  [1m[35mSET search_path TO public /*application='Backend'*/[0m
  [1m[35m (197.4ms)[0m  [1m[35mCREATE DATABASE "backend_development" ENCODING = 'unicode' /*application='Backend'*/[0m
  [1m[35mSQL (0.2ms)[0m  [1m[35mSET search_path TO public /*application='Backend'*/[0m
  [1m[35m (87.3ms)[0m  [1m[35mCREATE DATABASE "backend_test" ENCODING = 'unicode' /*application='Backend'*/[0m
  [1m[35m (6.4ms)[0m  [1m[35mCREATE TABLE "schema_migrations" ("version" character varying NOT NULL PRIMARY KEY) /*application='Backend'*/[0m
  [1m[35m (6.3ms)[0m  [1m[35mCREATE TABLE "ar_internal_metadata" ("key" character varying NOT NULL PRIMARY KEY, "value" character varying, "created_at" timestamp(6) NOT NULL, "updated_at" timestamp(6) NOT NULL) /*application='Backend'*/[0m
  [1m[35m (0.6ms)[0m  [1m[34mSELECT pg_try_advisory_lock(5073945470573576205) /*application='Backend'*/[0m
  [1m[36mActiveRecord::SchemaMigration Load (1.3ms)[0m  [1m[34mSELECT "schema_migrations"."version" FROM "schema_migrations" ORDER BY "schema_migrations"."version" ASC /*application='Backend'*/[0m
  [1m[36mActiveRecord::InternalMetadata Load (0.7ms)[0m  [1m[34mSELECT * FROM "ar_internal_metadata" WHERE "ar_internal_metadata"."key" = 'environment' ORDER BY "ar_internal_metadata"."key" ASC LIMIT 1 /*application='Backend'*/[0m
  [1m[36mActiveRecord::InternalMetadata Create (3.8ms)[0m  [1m[32mINSERT INTO "ar_internal_metadata" ("key", "value", "created_at", "updated_at") VALUES ('environment', 'development', '2025-08-09 18:11:53.563715', '2025-08-09 18:11:53.563718') RETURNING "key" /*application='Backend'*/[0m
Migrating to CreateOrganizations (20250809181047)
  [1m[36mTRANSACTION (0.2ms)[0m  [1m[35mBEGIN /*application='Backend'*/[0m
  [1m[35m (5.8ms)[0m  [1m[35mCREATE TABLE "organizations" ("id" bigserial primary key, "name" character varying, "country" character varying, "type" character varying, "description" text, "website" character varying, "logo_url" character varying, "created_at" timestamp(6) NOT NULL, "updated_at" timestamp(6) NOT NULL) /*application='Backend'*/[0m
  [1m[36mActiveRecord::SchemaMigration Create (0.9ms)[0m  [1m[32mINSERT INTO "schema_migrations" ("version") VALUES ('20250809181047') RETURNING "version" /*application='Backend'*/[0m
  [1m[36mTRANSACTION (4.7ms)[0m  [1m[35mCOMMIT /*application='Backend'*/[0m
Migrating to CreateRockets (20250809181050)
  [1m[36mTRANSACTION (0.2ms)[0m  [1m[35mBEGIN /*application='Backend'*/[0m
  [1m[35m (34.3ms)[0m  [1m[35mCREATE TABLE "rockets" ("id" bigserial primary key, "name" character varying, "organization_id" bigint NOT NULL, "mass" decimal, "payload_capacity" decimal, "height" decimal, "diameter" decimal, "stages" integer, "description" text, "image_url" character varying, "model_url" character varying, "status" character varying, "first_flight" date, "created_at" timestamp(6) NOT NULL, "updated_at" timestamp(6) NOT NULL, CONSTRAINT "fk_rails_e48aa6f29f"
FOREIGN KEY ("organization_id")
  REFERENCES "organizations" ("id")
) /*application='Backend'*/[0m
  [1m[35m (1.1ms)[0m  [1m[35mCREATE INDEX "index_rockets_on_organization_id" ON "rockets" ("organization_id") /*application='Backend'*/[0m
  [1m[36mActiveRecord::SchemaMigration Create (0.4ms)[0m  [1m[32mINSERT INTO "schema_migrations" ("version") VALUES ('20250809181050') RETURNING "version" /*application='Backend'*/[0m
  [1m[36mTRANSACTION (2.8ms)[0m  [1m[35mCOMMIT /*application='Backend'*/[0m
Migrating to CreateSatellites (20250809181054)
  [1m[36mTRANSACTION (0.2ms)[0m  [1m[35mBEGIN /*application='Backend'*/[0m
  [1m[35m (5.0ms)[0m  [1m[35mCREATE TABLE "satellites" ("id" bigserial primary key, "name" character varying, "organization_id" bigint NOT NULL, "mass" decimal, "height" decimal, "width" decimal, "depth" decimal, "purpose" text, "launch_date" date, "orbit_type" character varying, "status" character varying, "image_url" character varying, "model_url" character varying, "description" text, "created_at" timestamp(6) NOT NULL, "updated_at" timestamp(6) NOT NULL, CONSTRAINT "fk_rails_42409a371b"
FOREIGN KEY ("organization_id")
  REFERENCES "organizations" ("id")
) /*application='Backend'*/[0m
  [1m[35m (0.8ms)[0m  [1m[35mCREATE INDEX "index_satellites_on_organization_id" ON "satellites" ("organization_id") /*application='Backend'*/[0m
  [1m[36mActiveRecord::SchemaMigration Create (0.3ms)[0m  [1m[32mINSERT INTO "schema_migrations" ("version") VALUES ('20250809181054') RETURNING "version" /*application='Backend'*/[0m
  [1m[36mTRANSACTION (2.8ms)[0m  [1m[35mCOMMIT /*application='Backend'*/[0m
Migrating to CreateLaunches (20250809181057)
  [1m[36mTRANSACTION (0.2ms)[0m  [1m[35mBEGIN /*application='Backend'*/[0m
  [1m[35m (6.3ms)[0m  [1m[35mCREATE TABLE "launches" ("id" bigserial primary key, "name" character varying, "rocket_id" bigint NOT NULL, "launch_date" timestamp(6), "launch_site" character varying, "mission_objective" text, "status" character varying, "outcome" character varying, "image_url" character varying, "webcast_url" character varying, "created_at" timestamp(6) NOT NULL, "updated_at" timestamp(6) NOT NULL, CONSTRAINT "fk_rails_77572c3396"
FOREIGN KEY ("rocket_id")
  REFERENCES "rockets" ("id")
) /*application='Backend'*/[0m
  [1m[35m (1.0ms)[0m  [1m[35mCREATE INDEX "index_launches_on_rocket_id" ON "launches" ("rocket_id") /*application='Backend'*/[0m
  [1m[36mActiveRecord::SchemaMigration Create (0.7ms)[0m  [1m[32mINSERT INTO "schema_migrations" ("version") VALUES ('20250809181057') RETURNING "version" /*application='Backend'*/[0m
  [1m[36mTRANSACTION (6.1ms)[0m  [1m[35mCOMMIT /*application='Backend'*/[0m
Migrating to CreateLaunchSatellites (20250809181102)
  [1m[36mTRANSACTION (0.3ms)[0m  [1m[35mBEGIN /*application='Backend'*/[0m
  [1m[35m (6.9ms)[0m  [1m[35mCREATE TABLE "launch_satellites" ("id" bigserial primary key, "launch_id" bigint NOT NULL, "satellite_id" bigint NOT NULL, "created_at" timestamp(6) NOT NULL, "updated_at" timestamp(6) NOT NULL, CONSTRAINT "fk_rails_aef0a1a20c"
FOREIGN KEY ("launch_id")
  REFERENCES "launches" ("id")
, CONSTRAINT "fk_rails_6b3ce428c1"
FOREIGN KEY ("satellite_id")
  REFERENCES "satellites" ("id")
) /*application='Backend'*/[0m
  [1m[35m (0.9ms)[0m  [1m[35mCREATE INDEX "index_launch_satellites_on_launch_id" ON "launch_satellites" ("launch_id") /*application='Backend'*/[0m
  [1m[35m (1.3ms)[0m  [1m[35mCREATE INDEX "index_launch_satellites_on_satellite_id" ON "launch_satellites" ("satellite_id") /*application='Backend'*/[0m
  [1m[36mActiveRecord::SchemaMigration Create (0.3ms)[0m  [1m[32mINSERT INTO "schema_migrations" ("version") VALUES ('20250809181102') RETURNING "version" /*application='Backend'*/[0m
  [1m[36mTRANSACTION (2.5ms)[0m  [1m[35mCOMMIT /*application='Backend'*/[0m
Migrating to CreateNews (20250809181105)
  [1m[36mTRANSACTION (0.2ms)[0m  [1m[35mBEGIN /*application='Backend'*/[0m
  [1m[35m (5.0ms)[0m  [1m[35mCREATE TABLE "news" ("id" bigserial primary key, "title" character varying, "source" character varying, "url" character varying, "published_at" timestamp(6), "summary" text, "image_url" character varying, "category" character varying, "created_at" timestamp(6) NOT NULL, "updated_at" timestamp(6) NOT NULL) /*application='Backend'*/[0m
  [1m[36mActiveRecord::SchemaMigration Create (0.5ms)[0m  [1m[32mINSERT INTO "schema_migrations" ("version") VALUES ('20250809181105') RETURNING "version" /*application='Backend'*/[0m
  [1m[36mTRANSACTION (4.7ms)[0m  [1m[35mCOMMIT /*application='Backend'*/[0m
  [1m[35m (0.4ms)[0m  [1m[34mSELECT pg_advisory_unlock(5073945470573576205) /*application='Backend'*/[0m
  [1m[36mActiveRecord::SchemaMigration Load (0.3ms)[0m  [1m[34mSELECT "schema_migrations"."version" FROM "schema_migrations" ORDER BY "schema_migrations"."version" ASC /*application='Backend'*/[0m
  [1m[36mActiveRecord::SchemaMigration Load (0.5ms)[0m  [1m[34mSELECT "schema_migrations"."version" FROM "schema_migrations" ORDER BY "schema_migrations"."version" ASC /*application='Backend'*/[0m
  [1m[36mOrganization Load (1.1ms)[0m  [1m[34mSELECT "organizations".* FROM "organizations" /*application='Backend'*/[0m
  [1m[36mRocket Load (0.5ms)[0m  [1m[34mSELECT "rockets".* FROM "rockets" /*application='Backend'*/[0m
  [1m[36mSatellite Load (0.9ms)[0m  [1m[34mSELECT "satellites".* FROM "satellites" /*application='Backend'*/[0m
  [1m[36mLaunch Load (0.7ms)[0m  [1m[34mSELECT "launches".* FROM "launches" /*application='Backend'*/[0m
  [1m[36mNews Load (0.6ms)[0m  [1m[34mSELECT "news".* FROM "news" /*application='Backend'*/[0m
  [1m[36mActiveRecord::SchemaMigration Load (0.5ms)[0m  [1m[34mSELECT "schema_migrations"."version" FROM "schema_migrations" ORDER BY "schema_migrations"."version" ASC /*application='Backend'*/[0m
  [1m[36mOrganization Load (0.6ms)[0m  [1m[34mSELECT "organizations".* FROM "organizations" /*application='Backend'*/[0m
  [1m[36mRocket Load (0.8ms)[0m  [1m[34mSELECT "rockets".* FROM "rockets" /*application='Backend'*/[0m
  [1m[36mSatellite Load (0.6ms)[0m  [1m[34mSELECT "satellites".* FROM "satellites" /*application='Backend'*/[0m
  [1m[36mLaunch Load (0.6ms)[0m  [1m[34mSELECT "launches".* FROM "launches" /*application='Backend'*/[0m
  [1m[36mNews Load (0.6ms)[0m  [1m[34mSELECT "news".* FROM "news" /*application='Backend'*/[0m
  [1m[36mTRANSACTION (0.4ms)[0m  [1m[35mBEGIN /*application='Backend'*/[0m
  [1m[36mOrganization Exists? (4.2ms)[0m  [1m[34mSELECT 1 AS one FROM "organizations" WHERE "organizations"."name" = 'SpaceX' LIMIT 1 /*application='Backend'*/[0m
  [1m[36mOrganization Create (1.2ms)[0m  [1m[32mINSERT INTO "organizations" ("name", "country", "type", "description", "website", "logo_url", "created_at", "updated_at") VALUES ('SpaceX', 'United States', 'Private', 'Space Exploration Technologies Corp. is an American aerospace manufacturer and space transportation services company.', 'https://www.spacex.com', 'https://upload.wikimedia.org/wikipedia/commons/9/99/SpaceX_Logo_Black.png', '2025-08-09 18:16:31.847995', '2025-08-09 18:16:31.847995') RETURNING "id" /*application='Backend'*/[0m
  [1m[36mTRANSACTION (7.7ms)[0m  [1m[35mCOMMIT /*application='Backend'*/[0m
  [1m[36mTRANSACTION (0.4ms)[0m  [1m[35mBEGIN /*application='Backend'*/[0m
  [1m[36mOrganization Exists? (3.5ms)[0m  [1m[34mSELECT 1 AS one FROM "organizations" WHERE "organizations"."name" = 'NASA' LIMIT 1 /*application='Backend'*/[0m
  [1m[36mOrganization Create (0.8ms)[0m  [1m[32mINSERT INTO "organizations" ("name", "country", "type", "description", "website", "logo_url", "created_at", "updated_at") VALUES ('NASA', 'United States', 'Government', 'The National Aeronautics and Space Administration is an independent agency of the U.S. federal government responsible for the civilian space program.', 'https://www.nasa.gov', 'https://upload.wikimedia.org/wikipedia/commons/e/e5/NASA_logo.svg', '2025-08-09 18:16:31.895403', '2025-08-09 18:16:31.895403') RETURNING "id" /*application='Backend'*/[0m
  [1m[36mTRANSACTION (2.4ms)[0m  [1m[35mCOMMIT /*application='Backend'*/[0m
  [1m[36mTRANSACTION (0.2ms)[0m  [1m[35mBEGIN /*application='Backend'*/[0m
  [1m[36mOrganization Exists? (3.7ms)[0m  [1m[34mSELECT 1 AS one FROM "organizations" WHERE "organizations"."name" = 'European Space Agency' LIMIT 1 /*application='Backend'*/[0m
  [1m[36mOrganization Create (0.4ms)[0m  [1m[32mINSERT INTO "organizations" ("name", "country", "type", "description", "website", "logo_url", "created_at", "updated_at") VALUES ('European Space Agency', 'Europe', 'International', 'The European Space Agency is an intergovernmental organisation dedicated to the exploration of space.', 'https://www.esa.int', 'https://upload.wikimedia.org/wikipedia/en/6/6e/European_Space_Agency_logo.svg', '2025-08-09 18:16:31.908939', '2025-08-09 18:16:31.908939') RETURNING "id" /*application='Backend'*/[0m
  [1m[36mTRANSACTION (2.5ms)[0m  [1m[35mCOMMIT /*application='Backend'*/[0m
  [1m[36mTRANSACTION (0.3ms)[0m  [1m[35mBEGIN /*application='Backend'*/[0m
  [1m[36mRocket Create (5.4ms)[0m  [1m[32mINSERT INTO "rockets" ("name", "organization_id", "mass", "payload_capacity", "height", "diameter", "stages", "description", "image_url", "model_url", "status", "first_flight", "created_at", "updated_at") VALUES ('Falcon 9', 1, 549054.0, 22800.0, 70.0, 3.7, 2, 'A two-stage rocket designed and manufactured by SpaceX for the reliable and safe transport of satellites and the Dragon spacecraft into orbit.', 'https://upload.wikimedia.org/wikipedia/commons/e/eb/Bangabandhu_Satellite-1_Mission_%2842025499722%29.jpg', 'https://models.readyplayer.me/64f7b8b8b8b8b8b8b8b8b8b8.glb', 'active', '2010-06-04', '2025-08-09 18:16:31.946774', '2025-08-09 18:16:31.946774') RETURNING "id" /*application='Backend'*/[0m
  [1m[36mTRANSACTION (5.7ms)[0m  [1m[35mCOMMIT /*application='Backend'*/[0m
  [1m[36mTRANSACTION (0.2ms)[0m  [1m[35mBEGIN /*application='Backend'*/[0m
  [1m[36mRocket Create (2.1ms)[0m  [1m[32mINSERT INTO "rockets" ("name", "organization_id", "mass", "payload_capacity", "height", "diameter", "stages", "description", "image_url", "model_url", "status", "first_flight", "created_at", "updated_at") VALUES ('Falcon Heavy', 1, 1420788.0, 63800.0, 70.0, 3.7, 2, 'A super heavy-lift launch vehicle designed and manufactured by SpaceX. It is derived from the Falcon 9 vehicle.', 'https://upload.wikimedia.org/wikipedia/commons/2/27/Falcon_Heavy_Demo_Mission_%2842025499722%29.jpg', 'https://models.readyplayer.me/64f7b8b8b8b8b8b8b8b8b8b9.glb', 'active', '2018-02-06', '2025-08-09 18:16:31.966080', '2025-08-09 18:16:31.966080') RETURNING "id" /*application='Backend'*/[0m
  [1m[36mTRANSACTION (2.8ms)[0m  [1m[35mCOMMIT /*application='Backend'*/[0m
  [1m[36mTRANSACTION (0.2ms)[0m  [1m[35mBEGIN /*application='Backend'*/[0m
  [1m[36mRocket Create (2.1ms)[0m  [1m[32mINSERT INTO "rockets" ("name", "organization_id", "mass", "payload_capacity", "height", "diameter", "stages", "description", "image_url", "model_url", "status", "first_flight", "created_at", "updated_at") VALUES ('Space Launch System', 2, 2600000.0, 95000.0, 98.0, 8.4, 2, 'A super heavy-lift expendable launch vehicle developed by NASA for the Artemis program.', 'https://upload.wikimedia.org/wikipedia/commons/1/1f/SLS_Artemis_1_rollout.jpg', 'https://models.readyplayer.me/64f7b8b8b8b8b8b8b8b8b8ba.glb', 'active', '2022-11-16', '2025-08-09 18:16:31.977605', '2025-08-09 18:16:31.977605') RETURNING "id" /*application='Backend'*/[0m
  [1m[36mTRANSACTION (2.4ms)[0m  [1m[35mCOMMIT /*application='Backend'*/[0m
  [1m[36mTRANSACTION (0.2ms)[0m  [1m[35mBEGIN /*application='Backend'*/[0m
  [1m[36mSatellite Create (2.5ms)[0m  [1m[32mINSERT INTO "satellites" ("name", "organization_id", "mass", "height", "width", "depth", "purpose", "launch_date", "orbit_type", "status", "image_url", "model_url", "description", "created_at", "updated_at") VALUES ('Starlink-1', 1, 260.0, 0.1, 0.5, 0.5, 'Broadband internet service', '2019-05-24', 'Low Earth Orbit', 'active', 'https://upload.wikimedia.org/wikipedia/commons/8/8a/Starlink_satellite.jpg', 'https://models.readyplayer.me/64f7b8b8b8b8b8b8b8b8b8bb.glb', 'A satellite internet constellation operated by SpaceX providing satellite Internet access coverage to most of the Earth.', '2025-08-09 18:16:32.029304', '2025-08-09 18:16:32.029304') RETURNING "id" /*application='Backend'*/[0m
  [1m[36mTRANSACTION (5.2ms)[0m  [1m[35mCOMMIT /*application='Backend'*/[0m
  [1m[36mTRANSACTION (0.3ms)[0m  [1m[35mBEGIN /*application='Backend'*/[0m
  [1m[36mSatellite Create (2.7ms)[0m  [1m[32mINSERT INTO "satellites" ("name", "organization_id", "mass", "height", "width", "depth", "purpose", "launch_date", "orbit_type", "status", "image_url", "model_url", "description", "created_at", "updated_at") VALUES ('Hubble Space Telescope', 2, 11110.0, 13.2, 4.2, 4.2, 'Space observatory', '1990-04-24', 'Low Earth Orbit', 'active', 'https://upload.wikimedia.org/wikipedia/commons/3/3f/HST-SM4.jpeg', 'https://models.readyplayer.me/64f7b8b8b8b8b8b8b8b8b8bc.glb', 'A space telescope that was launched into low Earth orbit in 1990 and remains in operation.', '2025-08-09 18:16:32.043033', '2025-08-09 18:16:32.043033') RETURNING "id" /*application='Backend'*/[0m
  [1m[36mTRANSACTION (2.5ms)[0m  [1m[35mCOMMIT /*application='Backend'*/[0m
  [1m[36mTRANSACTION (0.3ms)[0m  [1m[35mBEGIN /*application='Backend'*/[0m
  [1m[36mSatellite Create (3.3ms)[0m  [1m[32mINSERT INTO "satellites" ("name", "organization_id", "mass", "height", "width", "depth", "purpose", "launch_date", "orbit_type", "status", "image_url", "model_url", "description", "created_at", "updated_at") VALUES ('James Webb Space Telescope', 2, 6200.0, 20.197, 14.162, 8.5, 'Space observatory', '2021-12-25', 'Sun-Earth L2', 'active', 'https://upload.wikimedia.org/wikipedia/commons/7/7f/James_Webb_Space_Telescope.jpg', 'https://models.readyplayer.me/64f7b8b8b8b8b8b8b8b8b8bd.glb', 'A space telescope designed primarily to conduct infrared astronomy.', '2025-08-09 18:16:32.054571', '2025-08-09 18:16:32.054571') RETURNING "id" /*application='Backend'*/[0m
  [1m[36mTRANSACTION (2.5ms)[0m  [1m[35mCOMMIT /*application='Backend'*/[0m
  [1m[36mTRANSACTION (0.1ms)[0m  [1m[35mBEGIN /*application='Backend'*/[0m
  [1m[36mLaunch Create (3.3ms)[0m  [1m[32mINSERT INTO "launches" ("name", "rocket_id", "launch_date", "launch_site", "mission_objective", "status", "outcome", "image_url", "webcast_url", "created_at", "updated_at") VALUES ('Starlink Mission', 1, '2025-08-16 18:16:32.065268', 'Kennedy Space Center, Florida', 'Deploy 60 Starlink satellites to low Earth orbit', 'scheduled', NULL, 'https://upload.wikimedia.org/wikipedia/commons/8/8a/Starlink_launch.jpg', 'https://www.youtube.com/watch?v=example', '2025-08-09 18:16:32.082766', '2025-08-09 18:16:32.082766') RETURNING "id" /*application='Backend'*/[0m
  [1m[36mTRANSACTION (2.9ms)[0m  [1m[35mCOMMIT /*application='Backend'*/[0m
  [1m[36mTRANSACTION (0.2ms)[0m  [1m[35mBEGIN /*application='Backend'*/[0m
  [1m[36mLaunch Create (3.1ms)[0m  [1m[32mINSERT INTO "launches" ("name", "rocket_id", "launch_date", "launch_site", "mission_objective", "status", "outcome", "image_url", "webcast_url", "created_at", "updated_at") VALUES ('Artemis I', 3, '2025-08-23 18:16:32.094259', 'Kennedy Space Center, Florida', 'Uncrewed test flight of the Orion spacecraft around the Moon', 'scheduled', NULL, 'https://upload.wikimedia.org/wikipedia/commons/1/1f/Artemis_I_launch.jpg', 'https://www.youtube.com/watch?v=example2', '2025-08-09 18:16:32.095214', '2025-08-09 18:16:32.095214') RETURNING "id" /*application='Backend'*/[0m
  [1m[36mTRANSACTION (2.5ms)[0m  [1m[35mCOMMIT /*application='Backend'*/[0m
  [1m[36mTRANSACTION (0.5ms)[0m  [1m[35mBEGIN /*application='Backend'*/[0m
  [1m[36mLaunch Create (3.7ms)[0m  [1m[32mINSERT INTO "launches" ("name", "rocket_id", "launch_date", "launch_site", "mission_objective", "status", "outcome", "image_url", "webcast_url", "created_at", "updated_at") VALUES ('Falcon Heavy Demo Mission', 2, '2025-07-09 18:16:32.105014', 'Kennedy Space Center, Florida', 'Demonstrate Falcon Heavy capabilities with Tesla Roadster payload', 'completed', 'success', 'https://upload.wikimedia.org/wikipedia/commons/2/27/Falcon_Heavy_Demo_Mission.jpg', 'https://www.youtube.com/watch?v=example3', '2025-08-09 18:16:32.106734', '2025-08-09 18:16:32.106734') RETURNING "id" /*application='Backend'*/[0m
  [1m[36mTRANSACTION (2.4ms)[0m  [1m[35mCOMMIT /*application='Backend'*/[0m
  [1m[36mTRANSACTION (0.3ms)[0m  [1m[35mBEGIN /*application='Backend'*/[0m
  [1m[36mLaunchSatellite Exists? (2.9ms)[0m  [1m[34mSELECT 1 AS one FROM "launch_satellites" WHERE "launch_satellites"."launch_id" = 1 AND "launch_satellites"."satellite_id" = 1 LIMIT 1 /*application='Backend'*/[0m
  [1m[36mLaunchSatellite Create (1.7ms)[0m  [1m[32mINSERT INTO "launch_satellites" ("launch_id", "satellite_id", "created_at", "updated_at") VALUES (1, 1, '2025-08-09 18:16:32.155907', '2025-08-09 18:16:32.155907') RETURNING "id" /*application='Backend'*/[0m
  [1m[36mTRANSACTION (2.9ms)[0m  [1m[35mCOMMIT /*application='Backend'*/[0m
  [1m[36mTRANSACTION (0.2ms)[0m  [1m[35mBEGIN /*application='Backend'*/[0m
  [1m[36mLaunchSatellite Exists? (2.3ms)[0m  [1m[34mSELECT 1 AS one FROM "launch_satellites" WHERE "launch_satellites"."launch_id" = 2 AND "launch_satellites"."satellite_id" = 3 LIMIT 1 /*application='Backend'*/[0m
  [1m[36mLaunchSatellite Create (0.8ms)[0m  [1m[32mINSERT INTO "launch_satellites" ("launch_id", "satellite_id", "created_at", "updated_at") VALUES (2, 3, '2025-08-09 18:16:32.170475', '2025-08-09 18:16:32.170475') RETURNING "id" /*application='Backend'*/[0m
  [1m[36mTRANSACTION (2.8ms)[0m  [1m[35mCOMMIT /*application='Backend'*/[0m
  [1m[36mTRANSACTION (0.2ms)[0m  [1m[35mBEGIN /*application='Backend'*/[0m
  [1m[36mNews Create (3.5ms)[0m  [1m[32mINSERT INTO "news" ("title", "source", "url", "published_at", "summary", "image_url", "category", "created_at", "updated_at") VALUES ('SpaceX Successfully Launches Starlink Mission', 'SpaceX', 'https://www.spacex.com/news/2023/starlink-launch', '2025-08-08 18:16:32.178703', 'SpaceX successfully launched another batch of Starlink satellites, bringing the total constellation to over 4,000 satellites in orbit.', 'https://upload.wikimedia.org/wikipedia/commons/8/8a/Starlink_launch.jpg', 'launch', '2025-08-09 18:16:32.196201', '2025-08-09 18:16:32.196201') RETURNING "id" /*application='Backend'*/[0m
  [1m[36mTRANSACTION (3.0ms)[0m  [1m[35mCOMMIT /*application='Backend'*/[0m
  [1m[36mTRANSACTION (0.2ms)[0m  [1m[35mBEGIN /*application='Backend'*/[0m
  [1m[36mNews Create (2.9ms)[0m  [1m[32mINSERT INTO "news" ("title", "source", "url", "published_at", "summary", "image_url", "category", "created_at", "updated_at") VALUES ('NASA Announces New Mars Mission', 'NASA', 'https://www.nasa.gov/news/mars-mission-2024', '2025-08-07 18:16:32.209398', 'NASA has announced plans for a new Mars mission scheduled for 2024, which will include advanced robotic exploration and sample return capabilities.', 'https://upload.wikimedia.org/wikipedia/commons/0/02/OSIRIS_Mars_false_color.jpg', 'mission', '2025-08-09 18:16:32.210728', '2025-08-09 18:16:32.210728') RETURNING "id" /*application='Backend'*/[0m
  [1m[36mTRANSACTION (2.5ms)[0m  [1m[35mCOMMIT /*application='Backend'*/[0m
  [1m[36mTRANSACTION (0.2ms)[0m  [1m[35mBEGIN /*application='Backend'*/[0m
  [1m[36mNews Create (4.0ms)[0m  [1m[32mINSERT INTO "news" ("title", "source", "url", "published_at", "summary", "image_url", "category", "created_at", "updated_at") VALUES ('James Webb Telescope Discovers New Exoplanet', 'NASA', 'https://www.nasa.gov/news/jwst-exoplanet-discovery', '2025-08-06 18:16:32.221226', 'The James Webb Space Telescope has discovered a new Earth-like exoplanet orbiting a distant star, raising hopes for finding signs of life beyond our solar system.', 'https://upload.wikimedia.org/wikipedia/commons/7/7f/James_Webb_Space_Telescope.jpg', 'discovery', '2025-08-09 18:16:32.222207', '2025-08-09 18:16:32.222207') RETURNING "id" /*application='Backend'*/[0m
  [1m[36mTRANSACTION (2.5ms)[0m  [1m[35mCOMMIT /*application='Backend'*/[0m
  [1m[36mTRANSACTION (0.2ms)[0m  [1m[35mBEGIN /*application='Backend'*/[0m
  [1m[36mNews Create (2.6ms)[0m  [1m[32mINSERT INTO "news" ("title", "source", "url", "published_at", "summary", "image_url", "category", "created_at", "updated_at") VALUES ('ESA Plans New Lunar Mission', 'European Space Agency', 'https://www.esa.int/news/esa-lunar-mission-2025', '2025-08-05 18:16:32.233321', 'The European Space Agency has announced plans for a new lunar mission in 2025, focusing on lunar resource exploration and potential future human settlement.', 'https://upload.wikimedia.org/wikipedia/commons/3/3f/Moon.jpg', 'mission', '2025-08-09 18:16:32.233952', '2025-08-09 18:16:32.233952') RETURNING "id" /*application='Backend'*/[0m
  [1m[36mTRANSACTION (2.7ms)[0m  [1m[35mCOMMIT /*application='Backend'*/[0m
  [1m[36mTRANSACTION (0.3ms)[0m  [1m[35mBEGIN /*application='Backend'*/[0m
  [1m[36mNews Create (2.2ms)[0m  [1m[32mINSERT INTO "news" ("title", "source", "url", "published_at", "summary", "image_url", "category", "created_at", "updated_at") VALUES ('Space Tourism Takes Off with Blue Origin', 'Blue Origin', 'https://www.blueorigin.com/news/tourism-launch', '2025-08-04 18:16:32.243668', 'Blue Origin successfully completed another space tourism flight, taking civilian passengers to the edge of space for a brief weightless experience.', 'https://upload.wikimedia.org/wikipedia/commons/4/4a/Blue_Origin_New_Shepard.jpg', 'tourism', '2025-08-09 18:16:32.244536', '2025-08-09 18:16:32.244536') RETURNING "id" /*application='Backend'*/[0m
  [1m[36mTRANSACTION (2.5ms)[0m  [1m[35mCOMMIT /*application='Backend'*/[0m
  [1m[36mOrganization Count (1.0ms)[0m  [1m[34mSELECT COUNT(*) FROM "organizations" /*application='Backend'*/[0m
  [1m[36mRocket Count (0.7ms)[0m  [1m[34mSELECT COUNT(*) FROM "rockets" /*application='Backend'*/[0m
  [1m[36mSatellite Count (1.0ms)[0m  [1m[34mSELECT COUNT(*) FROM "satellites" /*application='Backend'*/[0m
  [1m[36mLaunch Count (0.4ms)[0m  [1m[34mSELECT COUNT(*) FROM "launches" /*application='Backend'*/[0m
  [1m[36mNews Count (0.6ms)[0m  [1m[34mSELECT COUNT(*) FROM "news" /*application='Backend'*/[0m
  [1m[36mActiveRecord::SchemaMigration Load (0.7ms)[0m  [1m[34mSELECT "schema_migrations"."version" FROM "schema_migrations" ORDER BY "schema_migrations"."version" ASC /*application='Backend'*/[0m
Started GET "/" for ::1 at 2025-08-09 23:58:02 +0530
  [1m[36mActiveRecord::SchemaMigration Load (0.5ms)[0m  [1m[34mSELECT "schema_migrations"."version" FROM "schema_migrations" ORDER BY "schema_migrations"."version" ASC /*application='Backend'*/[0m
  
ArgumentError (Before process_action callback :verify_authenticity_token has not been defined):
  
app/controllers/api/v1/base_controller.rb:4:in `<class:BaseController>'
app/controllers/api/v1/base_controller.rb:3:in `<module:V1>'
app/controllers/api/v1/base_controller.rb:2:in `<module:Api>'
app/controllers/api/v1/base_controller.rb:1:in `<main>'
app/controllers/api/v1/dashboard_controller.rb:3:in `<module:V1>'
app/controllers/api/v1/dashboard_controller.rb:2:in `<module:Api>'
app/controllers/api/v1/dashboard_controller.rb:1:in `<main>'
Started GET "/" for ::1 at 2025-08-09 23:58:08 +0530
  
ArgumentError (Before process_action callback :verify_authenticity_token has not been defined):
  
app/controllers/api/v1/base_controller.rb:4:in `<class:BaseController>'
app/controllers/api/v1/base_controller.rb:3:in `<module:V1>'
app/controllers/api/v1/base_controller.rb:2:in `<module:Api>'
app/controllers/api/v1/base_controller.rb:1:in `<main>'
app/controllers/api/v1/dashboard_controller.rb:3:in `<module:V1>'
app/controllers/api/v1/dashboard_controller.rb:2:in `<module:Api>'
app/controllers/api/v1/dashboard_controller.rb:1:in `<main>'
Started GET "/favicon.ico" for ::1 at 2025-08-09 23:58:08 +0530
  
ActionController::RoutingError (No route matches [GET] "/favicon.ico"):
  
Started GET "/up" for ::1 at 2025-08-09 23:58:10 +0530
Processing by Rails::HealthController#show as */*
  Rendering html template
  Rendered html template (Duration: 0.1ms | GC: 0.0ms)
Completed 200 OK in 6ms (Views: 1.7ms | ActiveRecord: 0.0ms (0 queries, 0 cached) | GC: 0.0ms)


Started GET "/api/v1/dashboard" for ::1 at 2025-08-09 23:58:20 +0530
  
ArgumentError (Before process_action callback :verify_authenticity_token has not been defined):
  
app/controllers/api/v1/base_controller.rb:4:in `<class:BaseController>'
app/controllers/api/v1/base_controller.rb:3:in `<module:V1>'
app/controllers/api/v1/base_controller.rb:2:in `<module:Api>'
app/controllers/api/v1/base_controller.rb:1:in `<main>'
app/controllers/api/v1/dashboard_controller.rb:3:in `<module:V1>'
app/controllers/api/v1/dashboard_controller.rb:2:in `<module:Api>'
app/controllers/api/v1/dashboard_controller.rb:1:in `<main>'
Started GET "/api/v1/dashboard" for ::1 at 2025-08-09 23:59:07 +0530
  [1m[36mActiveRecord::SchemaMigration Load (0.8ms)[0m  [1m[34mSELECT "schema_migrations"."version" FROM "schema_migrations" ORDER BY "schema_migrations"."version" ASC /*application='Backend'*/[0m
Processing by Api::V1::DashboardController#index as */*
  [1m[36mOrganization Count (17.5ms)[0m  [1m[34mSELECT COUNT(*) FROM "organizations" /*action='index',application='Backend',controller='dashboard'*/[0m
  ↳ app/controllers/api/v1/dashboard_controller.rb:7:in `index'
  [1m[36mRocket Count (1.8ms)[0m  [1m[34mSELECT COUNT(*) FROM "rockets" /*action='index',application='Backend',controller='dashboard'*/[0m
  ↳ app/controllers/api/v1/dashboard_controller.rb:8:in `index'
  [1m[36mSatellite Count (0.6ms)[0m  [1m[34mSELECT COUNT(*) FROM "satellites" /*action='index',application='Backend',controller='dashboard'*/[0m
  ↳ app/controllers/api/v1/dashboard_controller.rb:9:in `index'
  [1m[36mLaunch Count (0.9ms)[0m  [1m[34mSELECT COUNT(*) FROM "launches" /*action='index',application='Backend',controller='dashboard'*/[0m
  ↳ app/controllers/api/v1/dashboard_controller.rb:10:in `index'
  [1m[36mLaunch Count (0.4ms)[0m  [1m[34mSELECT COUNT(*) FROM "launches" WHERE (launch_date > '2025-08-09 18:29:07.970494') /*action='index',application='Backend',controller='dashboard'*/[0m
  ↳ app/controllers/api/v1/dashboard_controller.rb:11:in `index'
  [1m[36mNews Count (1.6ms)[0m  [1m[34mSELECT COUNT(*) FROM "news" WHERE (published_at >= '2025-08-02 18:29:07.982114') /*action='index',application='Backend',controller='dashboard'*/[0m
  ↳ app/controllers/api/v1/dashboard_controller.rb:12:in `index'
  [1m[36mLaunch Load (0.8ms)[0m  [1m[34mSELECT "launches".* FROM "launches" WHERE (launch_date > '2025-08-09 18:29:07.993215') ORDER BY "launches"."launch_date" ASC LIMIT 5 /*action='index',application='Backend',controller='dashboard'*/[0m
  ↳ app/controllers/api/v1/dashboard_controller.rb:14:in `index'
  [1m[36mRocket Load (0.9ms)[0m  [1m[34mSELECT "rockets".* FROM "rockets" WHERE "rockets"."id" = 1 LIMIT 1 /*action='index',application='Backend',controller='dashboard'*/[0m
  ↳ app/controllers/api/v1/dashboard_controller.rb:14:in `index'
  [1m[36mOrganization Load (0.5ms)[0m  [1m[34mSELECT "organizations".* FROM "organizations" WHERE "organizations"."id" = 1 LIMIT 1 /*action='index',application='Backend',controller='dashboard'*/[0m
  ↳ app/controllers/api/v1/dashboard_controller.rb:14:in `index'
  [1m[36mRocket Load (0.9ms)[0m  [1m[34mSELECT "rockets".* FROM "rockets" WHERE "rockets"."id" = 3 LIMIT 1 /*action='index',application='Backend',controller='dashboard'*/[0m
  ↳ app/controllers/api/v1/dashboard_controller.rb:14:in `index'
  [1m[36mOrganization Load (0.4ms)[0m  [1m[34mSELECT "organizations".* FROM "organizations" WHERE "organizations"."id" = 2 LIMIT 1 /*action='index',application='Backend',controller='dashboard'*/[0m
  ↳ app/controllers/api/v1/dashboard_controller.rb:14:in `index'
  [1m[36mNews Load (0.5ms)[0m  [1m[34mSELECT "news".* FROM "news" WHERE (published_at >= '2025-08-02 18:29:08.189805') ORDER BY "news"."published_at" DESC LIMIT 5 /*action='index',application='Backend',controller='dashboard'*/[0m
  ↳ app/controllers/api/v1/dashboard_controller.rb:17:in `index'
Completed 500 Internal Server Error in 306ms (ActiveRecord: 58.2ms (12 queries, 0 cached) | GC: 109.3ms)


  
NoMethodError (undefined method `time_ago_in_words' for an instance of News):
  
app/models/news.rb:19:in `time_ago'
app/controllers/api/v1/dashboard_controller.rb:17:in `index'
Started GET "/api/v1/dashboard" for ::1 at 2025-08-09 23:59:24 +0530
Processing by Api::V1::DashboardController#index as */*
  [1m[36mOrganization Count (0.3ms)[0m  [1m[34mSELECT COUNT(*) FROM "organizations" /*action='index',application='Backend',controller='dashboard'*/[0m
  ↳ app/controllers/api/v1/dashboard_controller.rb:7:in `index'
  [1m[36mRocket Count (0.7ms)[0m  [1m[34mSELECT COUNT(*) FROM "rockets" /*action='index',application='Backend',controller='dashboard'*/[0m
  ↳ app/controllers/api/v1/dashboard_controller.rb:8:in `index'
  [1m[36mSatellite Count (0.5ms)[0m  [1m[34mSELECT COUNT(*) FROM "satellites" /*action='index',application='Backend',controller='dashboard'*/[0m
  ↳ app/controllers/api/v1/dashboard_controller.rb:9:in `index'
  [1m[36mLaunch Count (0.4ms)[0m  [1m[34mSELECT COUNT(*) FROM "launches" /*action='index',application='Backend',controller='dashboard'*/[0m
  ↳ app/controllers/api/v1/dashboard_controller.rb:10:in `index'
  [1m[36mLaunch Count (0.4ms)[0m  [1m[34mSELECT COUNT(*) FROM "launches" WHERE (launch_date > '2025-08-09 18:29:24.474148') /*action='index',application='Backend',controller='dashboard'*/[0m
  ↳ app/controllers/api/v1/dashboard_controller.rb:11:in `index'
  [1m[36mNews Count (0.8ms)[0m  [1m[34mSELECT COUNT(*) FROM "news" WHERE (published_at >= '2025-08-02 18:29:24.483332') /*action='index',application='Backend',controller='dashboard'*/[0m
  ↳ app/controllers/api/v1/dashboard_controller.rb:12:in `index'
  [1m[36mLaunch Load (0.4ms)[0m  [1m[34mSELECT "launches".* FROM "launches" WHERE (launch_date > '2025-08-09 18:29:24.489528') ORDER BY "launches"."launch_date" ASC LIMIT 5 /*action='index',application='Backend',controller='dashboard'*/[0m
  ↳ app/controllers/api/v1/dashboard_controller.rb:14:in `index'
  [1m[36mRocket Load (0.3ms)[0m  [1m[34mSELECT "rockets".* FROM "rockets" WHERE "rockets"."id" = 1 LIMIT 1 /*action='index',application='Backend',controller='dashboard'*/[0m
  ↳ app/controllers/api/v1/dashboard_controller.rb:14:in `index'
  [1m[36mOrganization Load (0.3ms)[0m  [1m[34mSELECT "organizations".* FROM "organizations" WHERE "organizations"."id" = 1 LIMIT 1 /*action='index',application='Backend',controller='dashboard'*/[0m
  ↳ app/controllers/api/v1/dashboard_controller.rb:14:in `index'
  [1m[36mRocket Load (0.5ms)[0m  [1m[34mSELECT "rockets".* FROM "rockets" WHERE "rockets"."id" = 3 LIMIT 1 /*action='index',application='Backend',controller='dashboard'*/[0m
  ↳ app/controllers/api/v1/dashboard_controller.rb:14:in `index'
  [1m[36mOrganization Load (0.6ms)[0m  [1m[34mSELECT "organizations".* FROM "organizations" WHERE "organizations"."id" = 2 LIMIT 1 /*action='index',application='Backend',controller='dashboard'*/[0m
  ↳ app/controllers/api/v1/dashboard_controller.rb:14:in `index'
  [1m[36mNews Load (0.8ms)[0m  [1m[34mSELECT "news".* FROM "news" WHERE (published_at >= '2025-08-02 18:29:24.533566') ORDER BY "news"."published_at" DESC LIMIT 5 /*action='index',application='Backend',controller='dashboard'*/[0m
  ↳ app/controllers/api/v1/dashboard_controller.rb:17:in `index'
  [1m[36mRocket Load (0.8ms)[0m  [1m[34mSELECT "rockets".* FROM "rockets" WHERE "rockets"."status" = 'active' LIMIT 3 /*action='index',application='Backend',controller='dashboard'*/[0m
  ↳ app/controllers/api/v1/dashboard_controller.rb:18:in `index'
  [1m[36mLaunch Count (1.4ms)[0m  [1m[34mSELECT COUNT(*) FROM "launches" WHERE "launches"."rocket_id" = 1 /*action='index',application='Backend',controller='dashboard'*/[0m
  ↳ app/models/rocket.rb:17:in `launch_count'
  [1m[36mCACHE Launch Count (0.0ms)[0m  [1m[34mSELECT COUNT(*) FROM "launches" WHERE "launches"."rocket_id" = 1[0m
  ↳ app/models/rocket.rb:25:in `success_rate'
  [1m[36mLaunch Count (0.8ms)[0m  [1m[34mSELECT COUNT(*) FROM "launches" WHERE "launches"."rocket_id" = 1 AND "launches"."outcome" = 'success' /*action='index',application='Backend',controller='dashboard'*/[0m
  ↳ app/models/rocket.rb:21:in `successful_launches'
  [1m[36mCACHE Launch Count (0.0ms)[0m  [1m[34mSELECT COUNT(*) FROM "launches" WHERE "launches"."rocket_id" = 1[0m
  ↳ app/models/rocket.rb:26:in `success_rate'
  [1m[36mCACHE Organization Load (0.1ms)[0m  [1m[34mSELECT "organizations".* FROM "organizations" WHERE "organizations"."id" = 1 LIMIT 1[0m
  ↳ app/controllers/api/v1/dashboard_controller.rb:18:in `index'
  [1m[36mLaunch Count (0.8ms)[0m  [1m[34mSELECT COUNT(*) FROM "launches" WHERE "launches"."rocket_id" = 2 /*action='index',application='Backend',controller='dashboard'*/[0m
  ↳ app/models/rocket.rb:17:in `launch_count'
  [1m[36mCACHE Launch Count (0.0ms)[0m  [1m[34mSELECT COUNT(*) FROM "launches" WHERE "launches"."rocket_id" = 2[0m
  ↳ app/models/rocket.rb:25:in `success_rate'
  [1m[36mLaunch Count (0.4ms)[0m  [1m[34mSELECT COUNT(*) FROM "launches" WHERE "launches"."rocket_id" = 2 AND "launches"."outcome" = 'success' /*action='index',application='Backend',controller='dashboard'*/[0m
  ↳ app/models/rocket.rb:21:in `successful_launches'
  [1m[36mCACHE Launch Count (0.0ms)[0m  [1m[34mSELECT COUNT(*) FROM "launches" WHERE "launches"."rocket_id" = 2[0m
  ↳ app/models/rocket.rb:26:in `success_rate'
  [1m[36mCACHE Organization Load (0.0ms)[0m  [1m[34mSELECT "organizations".* FROM "organizations" WHERE "organizations"."id" = 1 LIMIT 1[0m
  ↳ app/controllers/api/v1/dashboard_controller.rb:18:in `index'
  [1m[36mLaunch Count (0.6ms)[0m  [1m[34mSELECT COUNT(*) FROM "launches" WHERE "launches"."rocket_id" = 3 /*action='index',application='Backend',controller='dashboard'*/[0m
  ↳ app/models/rocket.rb:17:in `launch_count'
  [1m[36mCACHE Launch Count (0.0ms)[0m  [1m[34mSELECT COUNT(*) FROM "launches" WHERE "launches"."rocket_id" = 3[0m
  ↳ app/models/rocket.rb:25:in `success_rate'
  [1m[36mLaunch Count (0.6ms)[0m  [1m[34mSELECT COUNT(*) FROM "launches" WHERE "launches"."rocket_id" = 3 AND "launches"."outcome" = 'success' /*action='index',application='Backend',controller='dashboard'*/[0m
  ↳ app/models/rocket.rb:21:in `successful_launches'
  [1m[36mCACHE Launch Count (0.1ms)[0m  [1m[34mSELECT COUNT(*) FROM "launches" WHERE "launches"."rocket_id" = 3[0m
  ↳ app/models/rocket.rb:26:in `success_rate'
  [1m[36mCACHE Organization Load (0.0ms)[0m  [1m[34mSELECT "organizations".* FROM "organizations" WHERE "organizations"."id" = 2 LIMIT 1[0m
  ↳ app/controllers/api/v1/dashboard_controller.rb:18:in `index'
  [1m[36mSatellite Load (0.4ms)[0m  [1m[34mSELECT "satellites".* FROM "satellites" WHERE "satellites"."status" = 'active' LIMIT 3 /*action='index',application='Backend',controller='dashboard'*/[0m
  ↳ app/controllers/api/v1/dashboard_controller.rb:21:in `index'
  [1m[36mCACHE Organization Load (0.0ms)[0m  [1m[34mSELECT "organizations".* FROM "organizations" WHERE "organizations"."id" = 1 LIMIT 1[0m
  ↳ app/controllers/api/v1/dashboard_controller.rb:21:in `index'
  [1m[36mCACHE Organization Load (0.0ms)[0m  [1m[34mSELECT "organizations".* FROM "organizations" WHERE "organizations"."id" = 2 LIMIT 1[0m
  ↳ app/controllers/api/v1/dashboard_controller.rb:21:in `index'
  [1m[36mCACHE Organization Load (0.1ms)[0m  [1m[34mSELECT "organizations".* FROM "organizations" WHERE "organizations"."id" = 2 LIMIT 1[0m
  ↳ app/controllers/api/v1/dashboard_controller.rb:21:in `index'
[active_model_serializers] Rendered ActiveModel::Serializer::Null with Hash (0.78ms)
Completed 200 OK in 180ms (Views: 2.9ms | ActiveRecord: 30.8ms (32 queries, 12 cached) | GC: 17.3ms)


Started GET "/api/v1/launches" for ::1 at 2025-08-09 23:59:27 +0530
Processing by Api::V1::LaunchesController#index as */*
  [1m[36mLaunch Load (0.5ms)[0m  [1m[34mSELECT "launches".* FROM "launches" ORDER BY "launches"."launch_date" DESC LIMIT 20 OFFSET 0 /*action='index',application='Backend',controller='launches'*/[0m
  ↳ app/controllers/api/v1/launches_controller.rb:38:in `index'
  [1m[36mRocket Load (0.6ms)[0m  [1m[34mSELECT "rockets".* FROM "rockets" WHERE "rockets"."id" IN (3, 1, 2) /*action='index',application='Backend',controller='launches'*/[0m
  ↳ app/controllers/api/v1/launches_controller.rb:38:in `index'
  [1m[36mLaunchSatellite Load (0.5ms)[0m  [1m[34mSELECT "launch_satellites".* FROM "launch_satellites" WHERE "launch_satellites"."launch_id" IN (2, 1, 3) /*action='index',application='Backend',controller='launches'*/[0m
  ↳ app/controllers/api/v1/launches_controller.rb:38:in `index'
  [1m[36mSatellite Load (0.6ms)[0m  [1m[34mSELECT "satellites".* FROM "satellites" WHERE "satellites"."id" IN (1, 3) /*action='index',application='Backend',controller='launches'*/[0m
  ↳ app/controllers/api/v1/launches_controller.rb:38:in `index'
  [1m[36mOrganization Load (0.4ms)[0m  [1m[34mSELECT "organizations".* FROM "organizations" WHERE "organizations"."id" = 2 LIMIT 1 /*action='index',application='Backend',controller='launches'*/[0m
  ↳ app/controllers/api/v1/launches_controller.rb:38:in `index'
  [1m[36mOrganization Load (0.4ms)[0m  [1m[34mSELECT "organizations".* FROM "organizations" WHERE "organizations"."id" = 1 LIMIT 1 /*action='index',application='Backend',controller='launches'*/[0m
  ↳ app/controllers/api/v1/launches_controller.rb:38:in `index'
  [1m[36mCACHE Organization Load (0.0ms)[0m  [1m[34mSELECT "organizations".* FROM "organizations" WHERE "organizations"."id" = 1 LIMIT 1[0m
  ↳ app/controllers/api/v1/launches_controller.rb:38:in `index'
[active_model_serializers] Rendered ActiveModel::Serializer::Null with Hash (0.26ms)
Completed 200 OK in 58ms (Views: 0.9ms | ActiveRecord: 6.1ms (7 queries, 1 cached) | GC: 0.0ms)


Started GET "/api/v1/rockets" for ::1 at 2025-08-09 23:59:30 +0530
Processing by Api::V1::RocketsController#index as */*
  [1m[36mRocket Load (1.3ms)[0m  [1m[34mSELECT "rockets".* FROM "rockets" ORDER BY "rockets"."name" ASC LIMIT 20 OFFSET 0 /*action='index',application='Backend',controller='rockets'*/[0m
  ↳ app/controllers/api/v1/rockets_controller.rb:27:in `index'
  [1m[36mOrganization Load (0.3ms)[0m  [1m[34mSELECT "organizations".* FROM "organizations" WHERE "organizations"."id" IN (1, 2) /*action='index',application='Backend',controller='rockets'*/[0m
  ↳ app/controllers/api/v1/rockets_controller.rb:27:in `index'
  [1m[36mLaunch Count (0.3ms)[0m  [1m[34mSELECT COUNT(*) FROM "launches" WHERE "launches"."rocket_id" = 1 /*action='index',application='Backend',controller='rockets'*/[0m
  ↳ app/models/rocket.rb:17:in `launch_count'
  [1m[36mLaunch Count (0.3ms)[0m  [1m[34mSELECT COUNT(*) FROM "launches" WHERE "launches"."rocket_id" = 1 AND "launches"."outcome" = 'success' /*action='index',application='Backend',controller='rockets'*/[0m
  ↳ app/models/rocket.rb:21:in `successful_launches'
  [1m[36mCACHE Launch Count (0.0ms)[0m  [1m[34mSELECT COUNT(*) FROM "launches" WHERE "launches"."rocket_id" = 1[0m
  ↳ app/models/rocket.rb:25:in `success_rate'
  [1m[36mCACHE Launch Count (0.0ms)[0m  [1m[34mSELECT COUNT(*) FROM "launches" WHERE "launches"."rocket_id" = 1 AND "launches"."outcome" = 'success'[0m
  ↳ app/models/rocket.rb:21:in `successful_launches'
  [1m[36mCACHE Launch Count (0.0ms)[0m  [1m[34mSELECT COUNT(*) FROM "launches" WHERE "launches"."rocket_id" = 1[0m
  ↳ app/models/rocket.rb:26:in `success_rate'
  [1m[36mLaunch Count (0.4ms)[0m  [1m[34mSELECT COUNT(*) FROM "launches" WHERE "launches"."rocket_id" = 2 /*action='index',application='Backend',controller='rockets'*/[0m
  ↳ app/models/rocket.rb:17:in `launch_count'
  [1m[36mLaunch Count (0.6ms)[0m  [1m[34mSELECT COUNT(*) FROM "launches" WHERE "launches"."rocket_id" = 2 AND "launches"."outcome" = 'success' /*action='index',application='Backend',controller='rockets'*/[0m
  ↳ app/models/rocket.rb:21:in `successful_launches'
  [1m[36mCACHE Launch Count (0.0ms)[0m  [1m[34mSELECT COUNT(*) FROM "launches" WHERE "launches"."rocket_id" = 2[0m
  ↳ app/models/rocket.rb:25:in `success_rate'
  [1m[36mCACHE Launch Count (0.0ms)[0m  [1m[34mSELECT COUNT(*) FROM "launches" WHERE "launches"."rocket_id" = 2 AND "launches"."outcome" = 'success'[0m
  ↳ app/models/rocket.rb:21:in `successful_launches'
  [1m[36mCACHE Launch Count (0.0ms)[0m  [1m[34mSELECT COUNT(*) FROM "launches" WHERE "launches"."rocket_id" = 2[0m
  ↳ app/models/rocket.rb:26:in `success_rate'
  [1m[36mLaunch Count (0.3ms)[0m  [1m[34mSELECT COUNT(*) FROM "launches" WHERE "launches"."rocket_id" = 3 /*action='index',application='Backend',controller='rockets'*/[0m
  ↳ app/models/rocket.rb:17:in `launch_count'
  [1m[36mLaunch Count (0.6ms)[0m  [1m[34mSELECT COUNT(*) FROM "launches" WHERE "launches"."rocket_id" = 3 AND "launches"."outcome" = 'success' /*action='index',application='Backend',controller='rockets'*/[0m
  ↳ app/models/rocket.rb:21:in `successful_launches'
  [1m[36mCACHE Launch Count (0.1ms)[0m  [1m[34mSELECT COUNT(*) FROM "launches" WHERE "launches"."rocket_id" = 3[0m
  ↳ app/models/rocket.rb:25:in `success_rate'
  [1m[36mCACHE Launch Count (0.0ms)[0m  [1m[34mSELECT COUNT(*) FROM "launches" WHERE "launches"."rocket_id" = 3 AND "launches"."outcome" = 'success'[0m
  ↳ app/models/rocket.rb:21:in `successful_launches'
  [1m[36mCACHE Launch Count (0.0ms)[0m  [1m[34mSELECT COUNT(*) FROM "launches" WHERE "launches"."rocket_id" = 3[0m
  ↳ app/models/rocket.rb:26:in `success_rate'
[active_model_serializers] Rendered ActiveModel::Serializer::Null with Hash (0.17ms)
Completed 200 OK in 38ms (Views: 0.6ms | ActiveRecord: 4.2ms (17 queries, 9 cached) | GC: 9.7ms)


Started GET "/api/v1/dashboard" for ::1 at 2025-08-10 00:00:37 +0530
  [1m[36mActiveRecord::SchemaMigration Load (1.0ms)[0m  [1m[34mSELECT "schema_migrations"."version" FROM "schema_migrations" ORDER BY "schema_migrations"."version" ASC /*application='Backend'*/[0m
Processing by Api::V1::DashboardController#index as HTML
  [1m[36mOrganization Count (12.2ms)[0m  [1m[34mSELECT COUNT(*) FROM "organizations" /*action='index',application='Backend',controller='dashboard'*/[0m
  ↳ app/controllers/api/v1/dashboard_controller.rb:7:in `index'
  [1m[36mRocket Count (0.5ms)[0m  [1m[34mSELECT COUNT(*) FROM "rockets" /*action='index',application='Backend',controller='dashboard'*/[0m
  ↳ app/controllers/api/v1/dashboard_controller.rb:8:in `index'
  [1m[36mSatellite Count (0.6ms)[0m  [1m[34mSELECT COUNT(*) FROM "satellites" /*action='index',application='Backend',controller='dashboard'*/[0m
  ↳ app/controllers/api/v1/dashboard_controller.rb:9:in `index'
  [1m[36mLaunch Count (0.8ms)[0m  [1m[34mSELECT COUNT(*) FROM "launches" /*action='index',application='Backend',controller='dashboard'*/[0m
  ↳ app/controllers/api/v1/dashboard_controller.rb:10:in `index'
  [1m[36mLaunch Count (0.7ms)[0m  [1m[34mSELECT COUNT(*) FROM "launches" WHERE (launch_date > '2025-08-09 18:30:37.848706') /*action='index',application='Backend',controller='dashboard'*/[0m
  ↳ app/controllers/api/v1/dashboard_controller.rb:11:in `index'
  [1m[36mNews Count (0.5ms)[0m  [1m[34mSELECT COUNT(*) FROM "news" WHERE (published_at >= '2025-08-02 18:30:37.860009') /*action='index',application='Backend',controller='dashboard'*/[0m
  ↳ app/controllers/api/v1/dashboard_controller.rb:12:in `index'
  [1m[36mLaunch Load (0.8ms)[0m  [1m[34mSELECT "launches".* FROM "launches" WHERE (launch_date > '2025-08-09 18:30:37.864847') ORDER BY "launches"."launch_date" ASC LIMIT 5 /*action='index',application='Backend',controller='dashboard'*/[0m
  ↳ app/controllers/api/v1/dashboard_controller.rb:14:in `index'
  [1m[36mRocket Load (0.6ms)[0m  [1m[34mSELECT "rockets".* FROM "rockets" WHERE "rockets"."id" = 1 LIMIT 1 /*action='index',application='Backend',controller='dashboard'*/[0m
  ↳ app/controllers/api/v1/dashboard_controller.rb:14:in `index'
  [1m[36mOrganization Load (0.5ms)[0m  [1m[34mSELECT "organizations".* FROM "organizations" WHERE "organizations"."id" = 1 LIMIT 1 /*action='index',application='Backend',controller='dashboard'*/[0m
  ↳ app/controllers/api/v1/dashboard_controller.rb:14:in `index'
  [1m[36mRocket Load (0.4ms)[0m  [1m[34mSELECT "rockets".* FROM "rockets" WHERE "rockets"."id" = 3 LIMIT 1 /*action='index',application='Backend',controller='dashboard'*/[0m
  ↳ app/controllers/api/v1/dashboard_controller.rb:14:in `index'
  [1m[36mOrganization Load (0.4ms)[0m  [1m[34mSELECT "organizations".* FROM "organizations" WHERE "organizations"."id" = 2 LIMIT 1 /*action='index',application='Backend',controller='dashboard'*/[0m
  ↳ app/controllers/api/v1/dashboard_controller.rb:14:in `index'
  [1m[36mNews Load (0.4ms)[0m  [1m[34mSELECT "news".* FROM "news" WHERE (published_at >= '2025-08-02 18:30:37.994444') ORDER BY "news"."published_at" DESC LIMIT 5 /*action='index',application='Backend',controller='dashboard'*/[0m
  ↳ app/controllers/api/v1/dashboard_controller.rb:17:in `index'
  [1m[36mRocket Load (0.8ms)[0m  [1m[34mSELECT "rockets".* FROM "rockets" WHERE "rockets"."status" = 'active' LIMIT 3 /*action='index',application='Backend',controller='dashboard'*/[0m
  ↳ app/controllers/api/v1/dashboard_controller.rb:18:in `index'
  [1m[36mLaunch Count (0.3ms)[0m  [1m[34mSELECT COUNT(*) FROM "launches" WHERE "launches"."rocket_id" = 1 /*action='index',application='Backend',controller='dashboard'*/[0m
  ↳ app/models/rocket.rb:17:in `launch_count'
  [1m[36mCACHE Launch Count (0.0ms)[0m  [1m[34mSELECT COUNT(*) FROM "launches" WHERE "launches"."rocket_id" = 1[0m
  ↳ app/models/rocket.rb:25:in `success_rate'
  [1m[36mLaunch Count (0.2ms)[0m  [1m[34mSELECT COUNT(*) FROM "launches" WHERE "launches"."rocket_id" = 1 AND "launches"."outcome" = 'success' /*action='index',application='Backend',controller='dashboard'*/[0m
  ↳ app/models/rocket.rb:21:in `successful_launches'
  [1m[36mCACHE Launch Count (0.0ms)[0m  [1m[34mSELECT COUNT(*) FROM "launches" WHERE "launches"."rocket_id" = 1[0m
  ↳ app/models/rocket.rb:26:in `success_rate'
  [1m[36mCACHE Organization Load (0.0ms)[0m  [1m[34mSELECT "organizations".* FROM "organizations" WHERE "organizations"."id" = 1 LIMIT 1[0m
  ↳ app/controllers/api/v1/dashboard_controller.rb:18:in `index'
  [1m[36mLaunch Count (0.2ms)[0m  [1m[34mSELECT COUNT(*) FROM "launches" WHERE "launches"."rocket_id" = 2 /*action='index',application='Backend',controller='dashboard'*/[0m
  ↳ app/models/rocket.rb:17:in `launch_count'
  [1m[36mCACHE Launch Count (0.0ms)[0m  [1m[34mSELECT COUNT(*) FROM "launches" WHERE "launches"."rocket_id" = 2[0m
  ↳ app/models/rocket.rb:25:in `success_rate'
  [1m[36mLaunch Count (0.2ms)[0m  [1m[34mSELECT COUNT(*) FROM "launches" WHERE "launches"."rocket_id" = 2 AND "launches"."outcome" = 'success' /*action='index',application='Backend',controller='dashboard'*/[0m
  ↳ app/models/rocket.rb:21:in `successful_launches'
  [1m[36mCACHE Launch Count (0.0ms)[0m  [1m[34mSELECT COUNT(*) FROM "launches" WHERE "launches"."rocket_id" = 2[0m
  ↳ app/models/rocket.rb:26:in `success_rate'
  [1m[36mCACHE Organization Load (0.0ms)[0m  [1m[34mSELECT "organizations".* FROM "organizations" WHERE "organizations"."id" = 1 LIMIT 1[0m
  ↳ app/controllers/api/v1/dashboard_controller.rb:18:in `index'
  [1m[36mLaunch Count (0.2ms)[0m  [1m[34mSELECT COUNT(*) FROM "launches" WHERE "launches"."rocket_id" = 3 /*action='index',application='Backend',controller='dashboard'*/[0m
  ↳ app/models/rocket.rb:17:in `launch_count'
  [1m[36mCACHE Launch Count (0.0ms)[0m  [1m[34mSELECT COUNT(*) FROM "launches" WHERE "launches"."rocket_id" = 3[0m
  ↳ app/models/rocket.rb:25:in `success_rate'
  [1m[36mLaunch Count (0.2ms)[0m  [1m[34mSELECT COUNT(*) FROM "launches" WHERE "launches"."rocket_id" = 3 AND "launches"."outcome" = 'success' /*action='index',application='Backend',controller='dashboard'*/[0m
  ↳ app/models/rocket.rb:21:in `successful_launches'
  [1m[36mCACHE Launch Count (0.0ms)[0m  [1m[34mSELECT COUNT(*) FROM "launches" WHERE "launches"."rocket_id" = 3[0m
  ↳ app/models/rocket.rb:26:in `success_rate'
  [1m[36mCACHE Organization Load (0.0ms)[0m  [1m[34mSELECT "organizations".* FROM "organizations" WHERE "organizations"."id" = 2 LIMIT 1[0m
  ↳ app/controllers/api/v1/dashboard_controller.rb:18:in `index'
  [1m[36mSatellite Load (0.3ms)[0m  [1m[34mSELECT "satellites".* FROM "satellites" WHERE "satellites"."status" = 'active' LIMIT 3 /*action='index',application='Backend',controller='dashboard'*/[0m
  ↳ app/controllers/api/v1/dashboard_controller.rb:21:in `index'
  [1m[36mCACHE Organization Load (0.0ms)[0m  [1m[34mSELECT "organizations".* FROM "organizations" WHERE "organizations"."id" = 1 LIMIT 1[0m
  ↳ app/controllers/api/v1/dashboard_controller.rb:21:in `index'
  [1m[36mCACHE Organization Load (0.0ms)[0m  [1m[34mSELECT "organizations".* FROM "organizations" WHERE "organizations"."id" = 2 LIMIT 1[0m
  ↳ app/controllers/api/v1/dashboard_controller.rb:21:in `index'
  [1m[36mCACHE Organization Load (0.0ms)[0m  [1m[34mSELECT "organizations".* FROM "organizations" WHERE "organizations"."id" = 2 LIMIT 1[0m
  ↳ app/controllers/api/v1/dashboard_controller.rb:21:in `index'
[active_model_serializers] Rendered ActiveModel::Serializer::Null with Hash (0.5ms)
Completed 200 OK in 254ms (Views: 2.3ms | ActiveRecord: 44.6ms (32 queries, 12 cached) | GC: 75.6ms)


Started GET "/api/v1/dashboard" for ::1 at 2025-08-10 00:00:44 +0530
Processing by Api::V1::DashboardController#index as */*
  [1m[36mOrganization Count (0.4ms)[0m  [1m[34mSELECT COUNT(*) FROM "organizations" /*action='index',application='Backend',controller='dashboard'*/[0m
  ↳ app/controllers/api/v1/dashboard_controller.rb:7:in `index'
  [1m[36mRocket Count (0.8ms)[0m  [1m[34mSELECT COUNT(*) FROM "rockets" /*action='index',application='Backend',controller='dashboard'*/[0m
  ↳ app/controllers/api/v1/dashboard_controller.rb:8:in `index'
  [1m[36mSatellite Count (0.6ms)[0m  [1m[34mSELECT COUNT(*) FROM "satellites" /*action='index',application='Backend',controller='dashboard'*/[0m
  ↳ app/controllers/api/v1/dashboard_controller.rb:9:in `index'
  [1m[36mLaunch Count (0.5ms)[0m  [1m[34mSELECT COUNT(*) FROM "launches" /*action='index',application='Backend',controller='dashboard'*/[0m
  ↳ app/controllers/api/v1/dashboard_controller.rb:10:in `index'
  [1m[36mLaunch Count (0.5ms)[0m  [1m[34mSELECT COUNT(*) FROM "launches" WHERE (launch_date > '2025-08-09 18:30:44.984267') /*action='index',application='Backend',controller='dashboard'*/[0m
  ↳ app/controllers/api/v1/dashboard_controller.rb:11:in `index'
  [1m[36mNews Count (0.6ms)[0m  [1m[34mSELECT COUNT(*) FROM "news" WHERE (published_at >= '2025-08-02 18:30:45.025566') /*action='index',application='Backend',controller='dashboard'*/[0m
  ↳ app/controllers/api/v1/dashboard_controller.rb:12:in `index'
  [1m[36mLaunch Load (0.9ms)[0m  [1m[34mSELECT "launches".* FROM "launches" WHERE (launch_date > '2025-08-09 18:30:45.029514') ORDER BY "launches"."launch_date" ASC LIMIT 5 /*action='index',application='Backend',controller='dashboard'*/[0m
  ↳ app/controllers/api/v1/dashboard_controller.rb:14:in `index'
  [1m[36mRocket Load (0.7ms)[0m  [1m[34mSELECT "rockets".* FROM "rockets" WHERE "rockets"."id" = 1 LIMIT 1 /*action='index',application='Backend',controller='dashboard'*/[0m
  ↳ app/controllers/api/v1/dashboard_controller.rb:14:in `index'
  [1m[36mOrganization Load (0.5ms)[0m  [1m[34mSELECT "organizations".* FROM "organizations" WHERE "organizations"."id" = 1 LIMIT 1 /*action='index',application='Backend',controller='dashboard'*/[0m
  ↳ app/controllers/api/v1/dashboard_controller.rb:14:in `index'
  [1m[36mRocket Load (0.8ms)[0m  [1m[34mSELECT "rockets".* FROM "rockets" WHERE "rockets"."id" = 3 LIMIT 1 /*action='index',application='Backend',controller='dashboard'*/[0m
  ↳ app/controllers/api/v1/dashboard_controller.rb:14:in `index'
  [1m[36mOrganization Load (0.6ms)[0m  [1m[34mSELECT "organizations".* FROM "organizations" WHERE "organizations"."id" = 2 LIMIT 1 /*action='index',application='Backend',controller='dashboard'*/[0m
  ↳ app/controllers/api/v1/dashboard_controller.rb:14:in `index'
  [1m[36mNews Load (0.5ms)[0m  [1m[34mSELECT "news".* FROM "news" WHERE (published_at >= '2025-08-02 18:30:45.049942') ORDER BY "news"."published_at" DESC LIMIT 5 /*action='index',application='Backend',controller='dashboard'*/[0m
  ↳ app/controllers/api/v1/dashboard_controller.rb:17:in `index'
  [1m[36mRocket Load (0.9ms)[0m  [1m[34mSELECT "rockets".* FROM "rockets" WHERE "rockets"."status" = 'active' LIMIT 3 /*action='index',application='Backend',controller='dashboard'*/[0m
  ↳ app/controllers/api/v1/dashboard_controller.rb:18:in `index'
  [1m[36mLaunch Count (0.4ms)[0m  [1m[34mSELECT COUNT(*) FROM "launches" WHERE "launches"."rocket_id" = 1 /*action='index',application='Backend',controller='dashboard'*/[0m
  ↳ app/models/rocket.rb:17:in `launch_count'
  [1m[36mCACHE Launch Count (0.0ms)[0m  [1m[34mSELECT COUNT(*) FROM "launches" WHERE "launches"."rocket_id" = 1[0m
  ↳ app/models/rocket.rb:25:in `success_rate'
  [1m[36mLaunch Count (0.5ms)[0m  [1m[34mSELECT COUNT(*) FROM "launches" WHERE "launches"."rocket_id" = 1 AND "launches"."outcome" = 'success' /*action='index',application='Backend',controller='dashboard'*/[0m
  ↳ app/models/rocket.rb:21:in `successful_launches'
  [1m[36mCACHE Launch Count (0.0ms)[0m  [1m[34mSELECT COUNT(*) FROM "launches" WHERE "launches"."rocket_id" = 1[0m
  ↳ app/models/rocket.rb:26:in `success_rate'
  [1m[36mCACHE Organization Load (0.0ms)[0m  [1m[34mSELECT "organizations".* FROM "organizations" WHERE "organizations"."id" = 1 LIMIT 1[0m
  ↳ app/controllers/api/v1/dashboard_controller.rb:18:in `index'
  [1m[36mLaunch Count (0.4ms)[0m  [1m[34mSELECT COUNT(*) FROM "launches" WHERE "launches"."rocket_id" = 2 /*action='index',application='Backend',controller='dashboard'*/[0m
  ↳ app/models/rocket.rb:17:in `launch_count'
  [1m[36mCACHE Launch Count (0.0ms)[0m  [1m[34mSELECT COUNT(*) FROM "launches" WHERE "launches"."rocket_id" = 2[0m
  ↳ app/models/rocket.rb:25:in `success_rate'
  [1m[36mLaunch Count (0.4ms)[0m  [1m[34mSELECT COUNT(*) FROM "launches" WHERE "launches"."rocket_id" = 2 AND "launches"."outcome" = 'success' /*action='index',application='Backend',controller='dashboard'*/[0m
  ↳ app/models/rocket.rb:21:in `successful_launches'
  [1m[36mCACHE Launch Count (0.0ms)[0m  [1m[34mSELECT COUNT(*) FROM "launches" WHERE "launches"."rocket_id" = 2[0m
  ↳ app/models/rocket.rb:26:in `success_rate'
  [1m[36mCACHE Organization Load (0.0ms)[0m  [1m[34mSELECT "organizations".* FROM "organizations" WHERE "organizations"."id" = 1 LIMIT 1[0m
  ↳ app/controllers/api/v1/dashboard_controller.rb:18:in `index'
  [1m[36mLaunch Count (0.5ms)[0m  [1m[34mSELECT COUNT(*) FROM "launches" WHERE "launches"."rocket_id" = 3 /*action='index',application='Backend',controller='dashboard'*/[0m
  ↳ app/models/rocket.rb:17:in `launch_count'
  [1m[36mCACHE Launch Count (0.1ms)[0m  [1m[34mSELECT COUNT(*) FROM "launches" WHERE "launches"."rocket_id" = 3[0m
  ↳ app/models/rocket.rb:25:in `success_rate'
  [1m[36mLaunch Count (0.5ms)[0m  [1m[34mSELECT COUNT(*) FROM "launches" WHERE "launches"."rocket_id" = 3 AND "launches"."outcome" = 'success' /*action='index',application='Backend',controller='dashboard'*/[0m
  ↳ app/models/rocket.rb:21:in `successful_launches'
  [1m[36mCACHE Launch Count (0.0ms)[0m  [1m[34mSELECT COUNT(*) FROM "launches" WHERE "launches"."rocket_id" = 3[0m
  ↳ app/models/rocket.rb:26:in `success_rate'
  [1m[36mCACHE Organization Load (0.0ms)[0m  [1m[34mSELECT "organizations".* FROM "organizations" WHERE "organizations"."id" = 2 LIMIT 1[0m
  ↳ app/controllers/api/v1/dashboard_controller.rb:18:in `index'
  [1m[36mSatellite Load (0.7ms)[0m  [1m[34mSELECT "satellites".* FROM "satellites" WHERE "satellites"."status" = 'active' LIMIT 3 /*action='index',application='Backend',controller='dashboard'*/[0m
  ↳ app/controllers/api/v1/dashboard_controller.rb:21:in `index'
  [1m[36mCACHE Organization Load (0.0ms)[0m  [1m[34mSELECT "organizations".* FROM "organizations" WHERE "organizations"."id" = 1 LIMIT 1[0m
  ↳ app/controllers/api/v1/dashboard_controller.rb:21:in `index'
  [1m[36mCACHE Organization Load (0.0ms)[0m  [1m[34mSELECT "organizations".* FROM "organizations" WHERE "organizations"."id" = 2 LIMIT 1[0m
  ↳ app/controllers/api/v1/dashboard_controller.rb:21:in `index'
  [1m[36mCACHE Organization Load (0.1ms)[0m  [1m[34mSELECT "organizations".* FROM "organizations" WHERE "organizations"."id" = 2 LIMIT 1[0m
  ↳ app/controllers/api/v1/dashboard_controller.rb:21:in `index'
[active_model_serializers] Rendered ActiveModel::Serializer::Null with Hash (0.89ms)
Completed 200 OK in 136ms (Views: 1.7ms | ActiveRecord: 11.7ms (32 queries, 12 cached) | GC: 38.7ms)


Started GET "/api/v1/launches?page=1&per_page=12" for ::1 at 2025-08-10 00:00:50 +0530
Processing by Api::V1::LaunchesController#index as */*
  Parameters: {"page"=>"1", "per_page"=>"12"}
  [1m[36mLaunch Load (0.5ms)[0m  [1m[34mSELECT "launches".* FROM "launches" ORDER BY "launches"."launch_date" DESC LIMIT 12 OFFSET 0 /*action='index',application='Backend',controller='launches'*/[0m
  ↳ app/controllers/api/v1/launches_controller.rb:38:in `index'
  [1m[36mRocket Load (1.0ms)[0m  [1m[34mSELECT "rockets".* FROM "rockets" WHERE "rockets"."id" IN (3, 1, 2) /*action='index',application='Backend',controller='launches'*/[0m
  ↳ app/controllers/api/v1/launches_controller.rb:38:in `index'
  [1m[36mLaunchSatellite Load (0.6ms)[0m  [1m[34mSELECT "launch_satellites".* FROM "launch_satellites" WHERE "launch_satellites"."launch_id" IN (2, 1, 3) /*action='index',application='Backend',controller='launches'*/[0m
  ↳ app/controllers/api/v1/launches_controller.rb:38:in `index'
  [1m[36mSatellite Load (0.6ms)[0m  [1m[34mSELECT "satellites".* FROM "satellites" WHERE "satellites"."id" IN (1, 3) /*action='index',application='Backend',controller='launches'*/[0m
  ↳ app/controllers/api/v1/launches_controller.rb:38:in `index'
  [1m[36mOrganization Load (0.5ms)[0m  [1m[34mSELECT "organizations".* FROM "organizations" WHERE "organizations"."id" = 2 LIMIT 1 /*action='index',application='Backend',controller='launches'*/[0m
  ↳ app/controllers/api/v1/launches_controller.rb:38:in `index'
  [1m[36mOrganization Load (0.4ms)[0m  [1m[34mSELECT "organizations".* FROM "organizations" WHERE "organizations"."id" = 1 LIMIT 1 /*action='index',application='Backend',controller='launches'*/[0m
  ↳ app/controllers/api/v1/launches_controller.rb:38:in `index'
  [1m[36mCACHE Organization Load (0.0ms)[0m  [1m[34mSELECT "organizations".* FROM "organizations" WHERE "organizations"."id" = 1 LIMIT 1[0m
  ↳ app/controllers/api/v1/launches_controller.rb:38:in `index'
[active_model_serializers] Rendered ActiveModel::Serializer::Null with Hash (0.14ms)
Completed 200 OK in 59ms (Views: 0.5ms | ActiveRecord: 6.0ms (7 queries, 1 cached) | GC: 15.5ms)


Started GET "/api/v1/launches?page=1&per_page=12" for ::1 at 2025-08-10 00:00:50 +0530
Processing by Api::V1::LaunchesController#index as */*
  Parameters: {"page"=>"1", "per_page"=>"12"}
  [1m[36mLaunch Load (0.4ms)[0m  [1m[34mSELECT "launches".* FROM "launches" ORDER BY "launches"."launch_date" DESC LIMIT 12 OFFSET 0 /*action='index',application='Backend',controller='launches'*/[0m
  ↳ app/controllers/api/v1/launches_controller.rb:38:in `index'
  [1m[36mRocket Load (0.4ms)[0m  [1m[34mSELECT "rockets".* FROM "rockets" WHERE "rockets"."id" IN (3, 1, 2) /*action='index',application='Backend',controller='launches'*/[0m
  ↳ app/controllers/api/v1/launches_controller.rb:38:in `index'
  [1m[36mLaunchSatellite Load (0.3ms)[0m  [1m[34mSELECT "launch_satellites".* FROM "launch_satellites" WHERE "launch_satellites"."launch_id" IN (2, 1, 3) /*action='index',application='Backend',controller='launches'*/[0m
  ↳ app/controllers/api/v1/launches_controller.rb:38:in `index'
  [1m[36mSatellite Load (0.3ms)[0m  [1m[34mSELECT "satellites".* FROM "satellites" WHERE "satellites"."id" IN (1, 3) /*action='index',application='Backend',controller='launches'*/[0m
  ↳ app/controllers/api/v1/launches_controller.rb:38:in `index'
  [1m[36mOrganization Load (0.3ms)[0m  [1m[34mSELECT "organizations".* FROM "organizations" WHERE "organizations"."id" = 2 LIMIT 1 /*action='index',application='Backend',controller='launches'*/[0m
  ↳ app/controllers/api/v1/launches_controller.rb:38:in `index'
  [1m[36mOrganization Load (0.5ms)[0m  [1m[34mSELECT "organizations".* FROM "organizations" WHERE "organizations"."id" = 1 LIMIT 1 /*action='index',application='Backend',controller='launches'*/[0m
  ↳ app/controllers/api/v1/launches_controller.rb:38:in `index'
  [1m[36mCACHE Organization Load (0.0ms)[0m  [1m[34mSELECT "organizations".* FROM "organizations" WHERE "organizations"."id" = 1 LIMIT 1[0m
  ↳ app/controllers/api/v1/launches_controller.rb:38:in `index'
[active_model_serializers] Rendered ActiveModel::Serializer::Null with Hash (0.17ms)
Completed 200 OK in 17ms (Views: 0.5ms | ActiveRecord: 2.1ms (7 queries, 1 cached) | GC: 1.0ms)


Started GET "/api/v1/launches?page=1&per_page=12" for ::1 at 2025-08-10 00:00:56 +0530
Processing by Api::V1::LaunchesController#index as */*
  Parameters: {"page"=>"1", "per_page"=>"12"}
  [1m[36mLaunch Load (0.6ms)[0m  [1m[34mSELECT "launches".* FROM "launches" ORDER BY "launches"."launch_date" DESC LIMIT 12 OFFSET 0 /*action='index',application='Backend',controller='launches'*/[0m
  ↳ app/controllers/api/v1/launches_controller.rb:38:in `index'
  [1m[36mRocket Load (1.3ms)[0m  [1m[34mSELECT "rockets".* FROM "rockets" WHERE "rockets"."id" IN (3, 1, 2) /*action='index',application='Backend',controller='launches'*/[0m
  ↳ app/controllers/api/v1/launches_controller.rb:38:in `index'
  [1m[36mLaunchSatellite Load (0.4ms)[0m  [1m[34mSELECT "launch_satellites".* FROM "launch_satellites" WHERE "launch_satellites"."launch_id" IN (2, 1, 3) /*action='index',application='Backend',controller='launches'*/[0m
  ↳ app/controllers/api/v1/launches_controller.rb:38:in `index'
  [1m[36mSatellite Load (0.4ms)[0m  [1m[34mSELECT "satellites".* FROM "satellites" WHERE "satellites"."id" IN (1, 3) /*action='index',application='Backend',controller='launches'*/[0m
  ↳ app/controllers/api/v1/launches_controller.rb:38:in `index'
  [1m[36mOrganization Load (1.0ms)[0m  [1m[34mSELECT "organizations".* FROM "organizations" WHERE "organizations"."id" = 2 LIMIT 1 /*action='index',application='Backend',controller='launches'*/[0m
  ↳ app/controllers/api/v1/launches_controller.rb:38:in `index'
  [1m[36mOrganization Load (0.6ms)[0m  [1m[34mSELECT "organizations".* FROM "organizations" WHERE "organizations"."id" = 1 LIMIT 1 /*action='index',application='Backend',controller='launches'*/[0m
  ↳ app/controllers/api/v1/launches_controller.rb:38:in `index'
  [1m[36mCACHE Organization Load (0.0ms)[0m  [1m[34mSELECT "organizations".* FROM "organizations" WHERE "organizations"."id" = 1 LIMIT 1[0m
  ↳ app/controllers/api/v1/launches_controller.rb:38:in `index'
[active_model_serializers] Rendered ActiveModel::Serializer::Null with Hash (0.28ms)
Completed 200 OK in 33ms (Views: 1.0ms | ActiveRecord: 3.9ms (7 queries, 1 cached) | GC: 1.2ms)


Started GET "/up" for ::1 at 2025-08-10 00:01:26 +0530
Processing by Rails::HealthController#show as */*
  Rendering html template
  Rendered html template (Duration: 0.1ms | GC: 0.0ms)
Completed 200 OK in 4ms (Views: 2.0ms | ActiveRecord: 0.0ms (0 queries, 0 cached) | GC: 0.0ms)


Started GET "/api/v1/dashboard" for ::1 at 2025-08-10 00:01:26 +0530
Processing by Api::V1::DashboardController#index as */*
  [1m[36mOrganization Count (0.3ms)[0m  [1m[34mSELECT COUNT(*) FROM "organizations" /*action='index',application='Backend',controller='dashboard'*/[0m
  ↳ app/controllers/api/v1/dashboard_controller.rb:7:in `index'
  [1m[36mRocket Count (0.2ms)[0m  [1m[34mSELECT COUNT(*) FROM "rockets" /*action='index',application='Backend',controller='dashboard'*/[0m
  ↳ app/controllers/api/v1/dashboard_controller.rb:8:in `index'
  [1m[36mSatellite Count (0.2ms)[0m  [1m[34mSELECT COUNT(*) FROM "satellites" /*action='index',application='Backend',controller='dashboard'*/[0m
  ↳ app/controllers/api/v1/dashboard_controller.rb:9:in `index'
  [1m[36mLaunch Count (0.4ms)[0m  [1m[34mSELECT COUNT(*) FROM "launches" /*action='index',application='Backend',controller='dashboard'*/[0m
  ↳ app/controllers/api/v1/dashboard_controller.rb:10:in `index'
  [1m[36mLaunch Count (0.3ms)[0m  [1m[34mSELECT COUNT(*) FROM "launches" WHERE (launch_date > '2025-08-09 18:31:26.460281') /*action='index',application='Backend',controller='dashboard'*/[0m
  ↳ app/controllers/api/v1/dashboard_controller.rb:11:in `index'
  [1m[36mNews Count (0.3ms)[0m  [1m[34mSELECT COUNT(*) FROM "news" WHERE (published_at >= '2025-08-02 18:31:26.461560') /*action='index',application='Backend',controller='dashboard'*/[0m
  ↳ app/controllers/api/v1/dashboard_controller.rb:12:in `index'
  [1m[36mLaunch Load (0.3ms)[0m  [1m[34mSELECT "launches".* FROM "launches" WHERE (launch_date > '2025-08-09 18:31:26.462767') ORDER BY "launches"."launch_date" ASC LIMIT 5 /*action='index',application='Backend',controller='dashboard'*/[0m
  ↳ app/controllers/api/v1/dashboard_controller.rb:14:in `index'
  [1m[36mRocket Load (0.4ms)[0m  [1m[34mSELECT "rockets".* FROM "rockets" WHERE "rockets"."id" = 1 LIMIT 1 /*action='index',application='Backend',controller='dashboard'*/[0m
  ↳ app/controllers/api/v1/dashboard_controller.rb:14:in `index'
  [1m[36mOrganization Load (0.4ms)[0m  [1m[34mSELECT "organizations".* FROM "organizations" WHERE "organizations"."id" = 1 LIMIT 1 /*action='index',application='Backend',controller='dashboard'*/[0m
  ↳ app/controllers/api/v1/dashboard_controller.rb:14:in `index'
  [1m[36mRocket Load (0.5ms)[0m  [1m[34mSELECT "rockets".* FROM "rockets" WHERE "rockets"."id" = 3 LIMIT 1 /*action='index',application='Backend',controller='dashboard'*/[0m
  ↳ app/controllers/api/v1/dashboard_controller.rb:14:in `index'
  [1m[36mOrganization Load (0.6ms)[0m  [1m[34mSELECT "organizations".* FROM "organizations" WHERE "organizations"."id" = 2 LIMIT 1 /*action='index',application='Backend',controller='dashboard'*/[0m
  ↳ app/controllers/api/v1/dashboard_controller.rb:14:in `index'
  [1m[36mNews Load (0.5ms)[0m  [1m[34mSELECT "news".* FROM "news" WHERE (published_at >= '2025-08-02 18:31:26.475417') ORDER BY "news"."published_at" DESC LIMIT 5 /*action='index',application='Backend',controller='dashboard'*/[0m
  ↳ app/controllers/api/v1/dashboard_controller.rb:17:in `index'
  [1m[36mRocket Load (0.5ms)[0m  [1m[34mSELECT "rockets".* FROM "rockets" WHERE "rockets"."status" = 'active' LIMIT 3 /*action='index',application='Backend',controller='dashboard'*/[0m
  ↳ app/controllers/api/v1/dashboard_controller.rb:18:in `index'
  [1m[36mLaunch Count (0.3ms)[0m  [1m[34mSELECT COUNT(*) FROM "launches" WHERE "launches"."rocket_id" = 1 /*action='index',application='Backend',controller='dashboard'*/[0m
  ↳ app/models/rocket.rb:17:in `launch_count'
  [1m[36mCACHE Launch Count (0.1ms)[0m  [1m[34mSELECT COUNT(*) FROM "launches" WHERE "launches"."rocket_id" = 1[0m
  ↳ app/models/rocket.rb:25:in `success_rate'
  [1m[36mLaunch Count (0.4ms)[0m  [1m[34mSELECT COUNT(*) FROM "launches" WHERE "launches"."rocket_id" = 1 AND "launches"."outcome" = 'success' /*action='index',application='Backend',controller='dashboard'*/[0m
  ↳ app/models/rocket.rb:21:in `successful_launches'
  [1m[36mCACHE Launch Count (0.0ms)[0m  [1m[34mSELECT COUNT(*) FROM "launches" WHERE "launches"."rocket_id" = 1[0m
  ↳ app/models/rocket.rb:26:in `success_rate'
  [1m[36mCACHE Organization Load (0.0ms)[0m  [1m[34mSELECT "organizations".* FROM "organizations" WHERE "organizations"."id" = 1 LIMIT 1[0m
  ↳ app/controllers/api/v1/dashboard_controller.rb:18:in `index'
  [1m[36mLaunch Count (0.6ms)[0m  [1m[34mSELECT COUNT(*) FROM "launches" WHERE "launches"."rocket_id" = 2 /*action='index',application='Backend',controller='dashboard'*/[0m
  ↳ app/models/rocket.rb:17:in `launch_count'
  [1m[36mCACHE Launch Count (0.0ms)[0m  [1m[34mSELECT COUNT(*) FROM "launches" WHERE "launches"."rocket_id" = 2[0m
  ↳ app/models/rocket.rb:25:in `success_rate'
  [1m[36mLaunch Count (0.4ms)[0m  [1m[34mSELECT COUNT(*) FROM "launches" WHERE "launches"."rocket_id" = 2 AND "launches"."outcome" = 'success' /*action='index',application='Backend',controller='dashboard'*/[0m
  ↳ app/models/rocket.rb:21:in `successful_launches'
  [1m[36mCACHE Launch Count (0.0ms)[0m  [1m[34mSELECT COUNT(*) FROM "launches" WHERE "launches"."rocket_id" = 2[0m
  ↳ app/models/rocket.rb:26:in `success_rate'
  [1m[36mCACHE Organization Load (0.0ms)[0m  [1m[34mSELECT "organizations".* FROM "organizations" WHERE "organizations"."id" = 1 LIMIT 1[0m
  ↳ app/controllers/api/v1/dashboard_controller.rb:18:in `index'
  [1m[36mLaunch Count (0.4ms)[0m  [1m[34mSELECT COUNT(*) FROM "launches" WHERE "launches"."rocket_id" = 3 /*action='index',application='Backend',controller='dashboard'*/[0m
  ↳ app/models/rocket.rb:17:in `launch_count'
  [1m[36mCACHE Launch Count (0.1ms)[0m  [1m[34mSELECT COUNT(*) FROM "launches" WHERE "launches"."rocket_id" = 3[0m
  ↳ app/models/rocket.rb:25:in `success_rate'
  [1m[36mLaunch Count (0.4ms)[0m  [1m[34mSELECT COUNT(*) FROM "launches" WHERE "launches"."rocket_id" = 3 AND "launches"."outcome" = 'success' /*action='index',application='Backend',controller='dashboard'*/[0m
  ↳ app/models/rocket.rb:21:in `successful_launches'
  [1m[36mCACHE Launch Count (0.0ms)[0m  [1m[34mSELECT COUNT(*) FROM "launches" WHERE "launches"."rocket_id" = 3[0m
  ↳ app/models/rocket.rb:26:in `success_rate'
  [1m[36mCACHE Organization Load (0.0ms)[0m  [1m[34mSELECT "organizations".* FROM "organizations" WHERE "organizations"."id" = 2 LIMIT 1[0m
  ↳ app/controllers/api/v1/dashboard_controller.rb:18:in `index'
  [1m[36mSatellite Load (0.5ms)[0m  [1m[34mSELECT "satellites".* FROM "satellites" WHERE "satellites"."status" = 'active' LIMIT 3 /*action='index',application='Backend',controller='dashboard'*/[0m
  ↳ app/controllers/api/v1/dashboard_controller.rb:21:in `index'
  [1m[36mCACHE Organization Load (0.0ms)[0m  [1m[34mSELECT "organizations".* FROM "organizations" WHERE "organizations"."id" = 1 LIMIT 1[0m
  ↳ app/controllers/api/v1/dashboard_controller.rb:21:in `index'
  [1m[36mCACHE Organization Load (0.0ms)[0m  [1m[34mSELECT "organizations".* FROM "organizations" WHERE "organizations"."id" = 2 LIMIT 1[0m
  ↳ app/controllers/api/v1/dashboard_controller.rb:21:in `index'
  [1m[36mCACHE Organization Load (0.1ms)[0m  [1m[34mSELECT "organizations".* FROM "organizations" WHERE "organizations"."id" = 2 LIMIT 1[0m
  ↳ app/controllers/api/v1/dashboard_controller.rb:21:in `index'
[active_model_serializers] Rendered ActiveModel::Serializer::Null with Hash (0.33ms)
Completed 200 OK in 102ms (Views: 0.7ms | ActiveRecord: 7.9ms (32 queries, 12 cached) | GC: 42.3ms)


Started GET "/api/v1/launches" for ::1 at 2025-08-10 00:01:26 +0530
Processing by Api::V1::LaunchesController#index as */*
  [1m[36mLaunch Load (0.5ms)[0m  [1m[34mSELECT "launches".* FROM "launches" ORDER BY "launches"."launch_date" DESC LIMIT 20 OFFSET 0 /*action='index',application='Backend',controller='launches'*/[0m
  ↳ app/controllers/api/v1/launches_controller.rb:38:in `index'
  [1m[36mRocket Load (0.5ms)[0m  [1m[34mSELECT "rockets".* FROM "rockets" WHERE "rockets"."id" IN (3, 1, 2) /*action='index',application='Backend',controller='launches'*/[0m
  ↳ app/controllers/api/v1/launches_controller.rb:38:in `index'
  [1m[36mLaunchSatellite Load (0.4ms)[0m  [1m[34mSELECT "launch_satellites".* FROM "launch_satellites" WHERE "launch_satellites"."launch_id" IN (2, 1, 3) /*action='index',application='Backend',controller='launches'*/[0m
  ↳ app/controllers/api/v1/launches_controller.rb:38:in `index'
  [1m[36mSatellite Load (0.4ms)[0m  [1m[34mSELECT "satellites".* FROM "satellites" WHERE "satellites"."id" IN (1, 3) /*action='index',application='Backend',controller='launches'*/[0m
  ↳ app/controllers/api/v1/launches_controller.rb:38:in `index'
  [1m[36mOrganization Load (0.3ms)[0m  [1m[34mSELECT "organizations".* FROM "organizations" WHERE "organizations"."id" = 2 LIMIT 1 /*action='index',application='Backend',controller='launches'*/[0m
  ↳ app/controllers/api/v1/launches_controller.rb:38:in `index'
  [1m[36mOrganization Load (0.3ms)[0m  [1m[34mSELECT "organizations".* FROM "organizations" WHERE "organizations"."id" = 1 LIMIT 1 /*action='index',application='Backend',controller='launches'*/[0m
  ↳ app/controllers/api/v1/launches_controller.rb:38:in `index'
  [1m[36mCACHE Organization Load (0.0ms)[0m  [1m[34mSELECT "organizations".* FROM "organizations" WHERE "organizations"."id" = 1 LIMIT 1[0m
  ↳ app/controllers/api/v1/launches_controller.rb:38:in `index'
[active_model_serializers] Rendered ActiveModel::Serializer::Null with Hash (0.21ms)
Completed 200 OK in 32ms (Views: 0.7ms | ActiveRecord: 2.2ms (7 queries, 1 cached) | GC: 15.3ms)


Started GET "/api/v1/rockets" for ::1 at 2025-08-10 00:01:26 +0530
Processing by Api::V1::RocketsController#index as */*
  [1m[36mRocket Load (0.9ms)[0m  [1m[34mSELECT "rockets".* FROM "rockets" ORDER BY "rockets"."name" ASC LIMIT 20 OFFSET 0 /*action='index',application='Backend',controller='rockets'*/[0m
  ↳ app/controllers/api/v1/rockets_controller.rb:27:in `index'
  [1m[36mOrganization Load (0.6ms)[0m  [1m[34mSELECT "organizations".* FROM "organizations" WHERE "organizations"."id" IN (1, 2) /*action='index',application='Backend',controller='rockets'*/[0m
  ↳ app/controllers/api/v1/rockets_controller.rb:27:in `index'
  [1m[36mLaunch Count (0.5ms)[0m  [1m[34mSELECT COUNT(*) FROM "launches" WHERE "launches"."rocket_id" = 1 /*action='index',application='Backend',controller='rockets'*/[0m
  ↳ app/models/rocket.rb:17:in `launch_count'
  [1m[36mLaunch Count (0.4ms)[0m  [1m[34mSELECT COUNT(*) FROM "launches" WHERE "launches"."rocket_id" = 1 AND "launches"."outcome" = 'success' /*action='index',application='Backend',controller='rockets'*/[0m
  ↳ app/models/rocket.rb:21:in `successful_launches'
  [1m[36mCACHE Launch Count (0.0ms)[0m  [1m[34mSELECT COUNT(*) FROM "launches" WHERE "launches"."rocket_id" = 1[0m
  ↳ app/models/rocket.rb:25:in `success_rate'
  [1m[36mCACHE Launch Count (0.0ms)[0m  [1m[34mSELECT COUNT(*) FROM "launches" WHERE "launches"."rocket_id" = 1 AND "launches"."outcome" = 'success'[0m
  ↳ app/models/rocket.rb:21:in `successful_launches'
  [1m[36mCACHE Launch Count (0.0ms)[0m  [1m[34mSELECT COUNT(*) FROM "launches" WHERE "launches"."rocket_id" = 1[0m
  ↳ app/models/rocket.rb:26:in `success_rate'
  [1m[36mLaunch Count (0.5ms)[0m  [1m[34mSELECT COUNT(*) FROM "launches" WHERE "launches"."rocket_id" = 2 /*action='index',application='Backend',controller='rockets'*/[0m
  ↳ app/models/rocket.rb:17:in `launch_count'
  [1m[36mLaunch Count (0.5ms)[0m  [1m[34mSELECT COUNT(*) FROM "launches" WHERE "launches"."rocket_id" = 2 AND "launches"."outcome" = 'success' /*action='index',application='Backend',controller='rockets'*/[0m
  ↳ app/models/rocket.rb:21:in `successful_launches'
  [1m[36mCACHE Launch Count (0.0ms)[0m  [1m[34mSELECT COUNT(*) FROM "launches" WHERE "launches"."rocket_id" = 2[0m
  ↳ app/models/rocket.rb:25:in `success_rate'
  [1m[36mCACHE Launch Count (0.0ms)[0m  [1m[34mSELECT COUNT(*) FROM "launches" WHERE "launches"."rocket_id" = 2 AND "launches"."outcome" = 'success'[0m
  ↳ app/models/rocket.rb:21:in `successful_launches'
  [1m[36mCACHE Launch Count (0.0ms)[0m  [1m[34mSELECT COUNT(*) FROM "launches" WHERE "launches"."rocket_id" = 2[0m
  ↳ app/models/rocket.rb:26:in `success_rate'
  [1m[36mLaunch Count (0.4ms)[0m  [1m[34mSELECT COUNT(*) FROM "launches" WHERE "launches"."rocket_id" = 3 /*action='index',application='Backend',controller='rockets'*/[0m
  ↳ app/models/rocket.rb:17:in `launch_count'
  [1m[36mLaunch Count (0.4ms)[0m  [1m[34mSELECT COUNT(*) FROM "launches" WHERE "launches"."rocket_id" = 3 AND "launches"."outcome" = 'success' /*action='index',application='Backend',controller='rockets'*/[0m
  ↳ app/models/rocket.rb:21:in `successful_launches'
  [1m[36mCACHE Launch Count (0.0ms)[0m  [1m[34mSELECT COUNT(*) FROM "launches" WHERE "launches"."rocket_id" = 3[0m
  ↳ app/models/rocket.rb:25:in `success_rate'
  [1m[36mCACHE Launch Count (0.0ms)[0m  [1m[34mSELECT COUNT(*) FROM "launches" WHERE "launches"."rocket_id" = 3 AND "launches"."outcome" = 'success'[0m
  ↳ app/models/rocket.rb:21:in `successful_launches'
  [1m[36mCACHE Launch Count (0.1ms)[0m  [1m[34mSELECT COUNT(*) FROM "launches" WHERE "launches"."rocket_id" = 3[0m
  ↳ app/models/rocket.rb:26:in `success_rate'
[active_model_serializers] Rendered ActiveModel::Serializer::Null with Hash (0.2ms)
Completed 200 OK in 33ms (Views: 0.8ms | ActiveRecord: 4.2ms (17 queries, 9 cached) | GC: 0.6ms)


Started GET "/api/v1/dashboard" for ::1 at 2025-08-10 00:01:27 +0530
Processing by Api::V1::DashboardController#index as */*
  [1m[36mOrganization Count (0.3ms)[0m  [1m[34mSELECT COUNT(*) FROM "organizations" /*action='index',application='Backend',controller='dashboard'*/[0m
  ↳ app/controllers/api/v1/dashboard_controller.rb:7:in `index'
  [1m[36mRocket Count (0.3ms)[0m  [1m[34mSELECT COUNT(*) FROM "rockets" /*action='index',application='Backend',controller='dashboard'*/[0m
  ↳ app/controllers/api/v1/dashboard_controller.rb:8:in `index'
  [1m[36mSatellite Count (0.3ms)[0m  [1m[34mSELECT COUNT(*) FROM "satellites" /*action='index',application='Backend',controller='dashboard'*/[0m
  ↳ app/controllers/api/v1/dashboard_controller.rb:9:in `index'
  [1m[36mLaunch Count (0.2ms)[0m  [1m[34mSELECT COUNT(*) FROM "launches" /*action='index',application='Backend',controller='dashboard'*/[0m
  ↳ app/controllers/api/v1/dashboard_controller.rb:10:in `index'
  [1m[36mLaunch Count (0.3ms)[0m  [1m[34mSELECT COUNT(*) FROM "launches" WHERE (launch_date > '2025-08-09 18:31:27.128817') /*action='index',application='Backend',controller='dashboard'*/[0m
  ↳ app/controllers/api/v1/dashboard_controller.rb:11:in `index'
  [1m[36mNews Count (0.3ms)[0m  [1m[34mSELECT COUNT(*) FROM "news" WHERE (published_at >= '2025-08-02 18:31:27.130068') /*action='index',application='Backend',controller='dashboard'*/[0m
  ↳ app/controllers/api/v1/dashboard_controller.rb:12:in `index'
  [1m[36mLaunch Load (0.6ms)[0m  [1m[34mSELECT "launches".* FROM "launches" WHERE (launch_date > '2025-08-09 18:31:27.131427') ORDER BY "launches"."launch_date" ASC LIMIT 5 /*action='index',application='Backend',controller='dashboard'*/[0m
  ↳ app/controllers/api/v1/dashboard_controller.rb:14:in `index'
  [1m[36mRocket Load (0.5ms)[0m  [1m[34mSELECT "rockets".* FROM "rockets" WHERE "rockets"."id" = 1 LIMIT 1 /*action='index',application='Backend',controller='dashboard'*/[0m
  ↳ app/controllers/api/v1/dashboard_controller.rb:14:in `index'
  [1m[36mOrganization Load (0.3ms)[0m  [1m[34mSELECT "organizations".* FROM "organizations" WHERE "organizations"."id" = 1 LIMIT 1 /*action='index',application='Backend',controller='dashboard'*/[0m
  ↳ app/controllers/api/v1/dashboard_controller.rb:14:in `index'
  [1m[36mRocket Load (0.3ms)[0m  [1m[34mSELECT "rockets".* FROM "rockets" WHERE "rockets"."id" = 3 LIMIT 1 /*action='index',application='Backend',controller='dashboard'*/[0m
  ↳ app/controllers/api/v1/dashboard_controller.rb:14:in `index'
  [1m[36mOrganization Load (0.3ms)[0m  [1m[34mSELECT "organizations".* FROM "organizations" WHERE "organizations"."id" = 2 LIMIT 1 /*action='index',application='Backend',controller='dashboard'*/[0m
  ↳ app/controllers/api/v1/dashboard_controller.rb:14:in `index'
  [1m[36mNews Load (0.3ms)[0m  [1m[34mSELECT "news".* FROM "news" WHERE (published_at >= '2025-08-02 18:31:27.142225') ORDER BY "news"."published_at" DESC LIMIT 5 /*action='index',application='Backend',controller='dashboard'*/[0m
  ↳ app/controllers/api/v1/dashboard_controller.rb:17:in `index'
  [1m[36mRocket Load (0.5ms)[0m  [1m[34mSELECT "rockets".* FROM "rockets" WHERE "rockets"."status" = 'active' LIMIT 3 /*action='index',application='Backend',controller='dashboard'*/[0m
  ↳ app/controllers/api/v1/dashboard_controller.rb:18:in `index'
  [1m[36mLaunch Count (0.5ms)[0m  [1m[34mSELECT COUNT(*) FROM "launches" WHERE "launches"."rocket_id" = 1 /*action='index',application='Backend',controller='dashboard'*/[0m
  ↳ app/models/rocket.rb:17:in `launch_count'
  [1m[36mCACHE Launch Count (0.0ms)[0m  [1m[34mSELECT COUNT(*) FROM "launches" WHERE "launches"."rocket_id" = 1[0m
  ↳ app/models/rocket.rb:25:in `success_rate'
  [1m[36mLaunch Count (0.5ms)[0m  [1m[34mSELECT COUNT(*) FROM "launches" WHERE "launches"."rocket_id" = 1 AND "launches"."outcome" = 'success' /*action='index',application='Backend',controller='dashboard'*/[0m
  ↳ app/models/rocket.rb:21:in `successful_launches'
  [1m[36mCACHE Launch Count (0.0ms)[0m  [1m[34mSELECT COUNT(*) FROM "launches" WHERE "launches"."rocket_id" = 1[0m
  ↳ app/models/rocket.rb:26:in `success_rate'
  [1m[36mCACHE Organization Load (0.0ms)[0m  [1m[34mSELECT "organizations".* FROM "organizations" WHERE "organizations"."id" = 1 LIMIT 1[0m
  ↳ app/controllers/api/v1/dashboard_controller.rb:18:in `index'
  [1m[36mLaunch Count (0.4ms)[0m  [1m[34mSELECT COUNT(*) FROM "launches" WHERE "launches"."rocket_id" = 2 /*action='index',application='Backend',controller='dashboard'*/[0m
  ↳ app/models/rocket.rb:17:in `launch_count'
  [1m[36mCACHE Launch Count (0.0ms)[0m  [1m[34mSELECT COUNT(*) FROM "launches" WHERE "launches"."rocket_id" = 2[0m
  ↳ app/models/rocket.rb:25:in `success_rate'
  [1m[36mLaunch Count (0.3ms)[0m  [1m[34mSELECT COUNT(*) FROM "launches" WHERE "launches"."rocket_id" = 2 AND "launches"."outcome" = 'success' /*action='index',application='Backend',controller='dashboard'*/[0m
  ↳ app/models/rocket.rb:21:in `successful_launches'
  [1m[36mCACHE Launch Count (0.0ms)[0m  [1m[34mSELECT COUNT(*) FROM "launches" WHERE "launches"."rocket_id" = 2[0m
  ↳ app/models/rocket.rb:26:in `success_rate'
  [1m[36mCACHE Organization Load (0.0ms)[0m  [1m[34mSELECT "organizations".* FROM "organizations" WHERE "organizations"."id" = 1 LIMIT 1[0m
  ↳ app/controllers/api/v1/dashboard_controller.rb:18:in `index'
  [1m[36mLaunch Count (0.3ms)[0m  [1m[34mSELECT COUNT(*) FROM "launches" WHERE "launches"."rocket_id" = 3 /*action='index',application='Backend',controller='dashboard'*/[0m
  ↳ app/models/rocket.rb:17:in `launch_count'
  [1m[36mCACHE Launch Count (0.0ms)[0m  [1m[34mSELECT COUNT(*) FROM "launches" WHERE "launches"."rocket_id" = 3[0m
  ↳ app/models/rocket.rb:25:in `success_rate'
  [1m[36mLaunch Count (0.4ms)[0m  [1m[34mSELECT COUNT(*) FROM "launches" WHERE "launches"."rocket_id" = 3 AND "launches"."outcome" = 'success' /*action='index',application='Backend',controller='dashboard'*/[0m
  ↳ app/models/rocket.rb:21:in `successful_launches'
  [1m[36mCACHE Launch Count (0.0ms)[0m  [1m[34mSELECT COUNT(*) FROM "launches" WHERE "launches"."rocket_id" = 3[0m
  ↳ app/models/rocket.rb:26:in `success_rate'
  [1m[36mCACHE Organization Load (0.0ms)[0m  [1m[34mSELECT "organizations".* FROM "organizations" WHERE "organizations"."id" = 2 LIMIT 1[0m
  ↳ app/controllers/api/v1/dashboard_controller.rb:18:in `index'
  [1m[36mSatellite Load (0.5ms)[0m  [1m[34mSELECT "satellites".* FROM "satellites" WHERE "satellites"."status" = 'active' LIMIT 3 /*action='index',application='Backend',controller='dashboard'*/[0m
  ↳ app/controllers/api/v1/dashboard_controller.rb:21:in `index'
  [1m[36mCACHE Organization Load (0.0ms)[0m  [1m[34mSELECT "organizations".* FROM "organizations" WHERE "organizations"."id" = 1 LIMIT 1[0m
  ↳ app/controllers/api/v1/dashboard_controller.rb:21:in `index'
  [1m[36mCACHE Organization Load (0.0ms)[0m  [1m[34mSELECT "organizations".* FROM "organizations" WHERE "organizations"."id" = 2 LIMIT 1[0m
  ↳ app/controllers/api/v1/dashboard_controller.rb:21:in `index'
  [1m[36mCACHE Organization Load (0.0ms)[0m  [1m[34mSELECT "organizations".* FROM "organizations" WHERE "organizations"."id" = 2 LIMIT 1[0m
  ↳ app/controllers/api/v1/dashboard_controller.rb:21:in `index'
[active_model_serializers] Rendered ActiveModel::Serializer::Null with Hash (0.32ms)
Completed 200 OK in 54ms (Views: 0.7ms | ActiveRecord: 7.3ms (32 queries, 12 cached) | GC: 0.2ms)


Started GET "/api/v1/launches?page=1&per_page=12" for ::1 at 2025-08-10 00:02:00 +0530
  [1m[36mActiveRecord::SchemaMigration Load (0.6ms)[0m  [1m[34mSELECT "schema_migrations"."version" FROM "schema_migrations" ORDER BY "schema_migrations"."version" ASC /*application='Backend'*/[0m
Processing by Api::V1::LaunchesController#index as */*
  Parameters: {"page"=>"1", "per_page"=>"12"}
  [1m[36mLaunch Load (0.7ms)[0m  [1m[34mSELECT "launches".* FROM "launches" ORDER BY "launches"."launch_date" DESC LIMIT 12 OFFSET 0 /*action='index',application='Backend',controller='launches'*/[0m
  ↳ app/controllers/api/v1/launches_controller.rb:38:in `index'
  [1m[36mRocket Load (1.0ms)[0m  [1m[34mSELECT "rockets".* FROM "rockets" WHERE "rockets"."id" IN (3, 1, 2) /*action='index',application='Backend',controller='launches'*/[0m
  ↳ app/controllers/api/v1/launches_controller.rb:38:in `index'
  [1m[36mLaunchSatellite Load (0.5ms)[0m  [1m[34mSELECT "launch_satellites".* FROM "launch_satellites" WHERE "launch_satellites"."launch_id" IN (2, 1, 3) /*action='index',application='Backend',controller='launches'*/[0m
  ↳ app/controllers/api/v1/launches_controller.rb:38:in `index'
  [1m[36mSatellite Load (0.7ms)[0m  [1m[34mSELECT "satellites".* FROM "satellites" WHERE "satellites"."id" IN (1, 3) /*action='index',application='Backend',controller='launches'*/[0m
  ↳ app/controllers/api/v1/launches_controller.rb:38:in `index'
  [1m[36mOrganization Load (0.5ms)[0m  [1m[34mSELECT "organizations".* FROM "organizations" WHERE "organizations"."id" = 2 LIMIT 1 /*action='index',application='Backend',controller='launches'*/[0m
  ↳ app/controllers/api/v1/launches_controller.rb:38:in `index'
  [1m[36mOrganization Load (0.4ms)[0m  [1m[34mSELECT "organizations".* FROM "organizations" WHERE "organizations"."id" = 1 LIMIT 1 /*action='index',application='Backend',controller='launches'*/[0m
  ↳ app/controllers/api/v1/launches_controller.rb:38:in `index'
  [1m[36mCACHE Organization Load (0.0ms)[0m  [1m[34mSELECT "organizations".* FROM "organizations" WHERE "organizations"."id" = 1 LIMIT 1[0m
  ↳ app/controllers/api/v1/launches_controller.rb:38:in `index'
[active_model_serializers] Rendered ActiveModel::Serializer::Null with Hash (0.31ms)
Completed 200 OK in 227ms (Views: 1.5ms | ActiveRecord: 28.8ms (7 queries, 1 cached) | GC: 76.2ms)


